1
schooner

## You are using the Python ARM Radar Toolkit (Py-ART), an open source
## library for working with weather radar data. Py-ART is partly
## supported by the U.S. Department of Energy as part of the Atmospheric
## Radiation Measurement (ARM) Climate Research Facility, an Office of
## Science user facility.
##
## If you use this software to prepare a publication, please cite:
##
##     JJ Helmus and SM Collis, JORS 2016, doi: 10.5334/jors.119

Log path: 
model/Velocity/
MODEL NAME
ML_Model.Shallow_CNN
Ks: 
3
4
Input dimensions:
(240, 240, 3)
_________________________________________________________________
Layer (type)                 Output Shape              Param #   
=================================================================
conv2d_1 (Conv2D)            (None, 236, 236, 8)       608       
_________________________________________________________________
batch_normalization_1 (Batch (None, 236, 236, 8)       32        
_________________________________________________________________
activation_1 (Activation)    (None, 236, 236, 8)       0         
_________________________________________________________________
max_pooling2d_1 (MaxPooling2 (None, 118, 118, 8)       0         
_________________________________________________________________
conv2d_2 (Conv2D)            (None, 114, 114, 8)       1608      
_________________________________________________________________
batch_normalization_2 (Batch (None, 114, 114, 8)       32        
_________________________________________________________________
activation_2 (Activation)    (None, 114, 114, 8)       0         
_________________________________________________________________
max_pooling2d_2 (MaxPooling2 (None, 57, 57, 8)         0         
_________________________________________________________________
conv2d_3 (Conv2D)            (None, 53, 53, 16)        3216      
_________________________________________________________________
batch_normalization_3 (Batch (None, 53, 53, 16)        64        
_________________________________________________________________
activation_3 (Activation)    (None, 53, 53, 16)        0         
_________________________________________________________________
max_pooling2d_3 (MaxPooling2 (None, 26, 26, 16)        0         
_________________________________________________________________
conv2d_4 (Conv2D)            (None, 22, 22, 32)        12832     
_________________________________________________________________
batch_normalization_4 (Batch (None, 22, 22, 32)        128       
_________________________________________________________________
activation_4 (Activation)    (None, 22, 22, 32)        0         
_________________________________________________________________
max_pooling2d_4 (MaxPooling2 (None, 11, 11, 32)        0         
_________________________________________________________________
conv2d_5 (Conv2D)            (None, 7, 7, 64)          51264     
_________________________________________________________________
batch_normalization_5 (Batch (None, 7, 7, 64)          256       
_________________________________________________________________
activation_5 (Activation)    (None, 7, 7, 64)          0         
_________________________________________________________________
max_pooling2d_5 (MaxPooling2 (None, 3, 3, 64)          0         
_________________________________________________________________
flatten_1 (Flatten)          (None, 576)               0         
_________________________________________________________________
dense_1 (Dense)              (None, 500)               288500    
_________________________________________________________________
batch_normalization_6 (Batch (None, 500)               2000      
_________________________________________________________________
activation_6 (Activation)    (None, 500)               0         
_________________________________________________________________
dense_2 (Dense)              (None, 2)                 1002      
=================================================================
Total params: 361,542
Trainable params: 360,286
Non-trainable params: 1,256
_________________________________________________________________
Get batch: 
3
3
4469
1711
1521
4399
1541
1520
Filename: 
KTBW20120602_105012_V06
Label: 
Image: 
Image size: 
(7, 240, 240, 3)
Train data shape: 
(7, 240, 240, 3)
Train data: 
Filename: 
KLIX20150718_112133_V06
Label: 
Image: 
Image size: 
(7, 240, 240, 3)
Train data shape: 
(14, 240, 240, 3)
Train data: 
Filename: 
KEAX20140808_111410_V06
Label: 
Image: 
Image size: 
(7, 240, 240, 3)
Train data shape: 
(21, 240, 240, 3)
Train data: 
Filename: 
KEAX20140728_111918_V06
Label: 
Image: 
Image size: 
(7, 240, 240, 3)
Train data shape: 
(28, 240, 240, 3)
Train data: 
Filename: 
KCAE20150828_115055_V06
Label: 
Image: 
Image size: 
(15, 240, 240, 3)
Train data shape: 
(43, 240, 240, 3)
Train data: 
Filename: 
KSGF20140803_092229_V06
Label: 
Image: 
Filename: 
KHPX20150809_090241_V06
Label: 
Image: 
Image size: 
(15, 240, 240, 3)
Train data shape: 
(58, 240, 240, 3)
Train data: 
Filename: 
KEWX20131010_115419_V06
Label: 
Image: 
Image size: 
(15, 240, 240, 3)
Train data shape: 
(73, 240, 240, 3)
Train data: 
(73, 2)
73
X AND Y: 
(73, 240, 240, 3)
(73, 2)
Training Epoch: 0 Loss: 0.7691914439201355 Accuracy 0.5479452013969421
Get batch: 
3
3
4469
1711
1521
4399
1541
1520
Filename: 
KMOB20160710_105443_V06
Label: 
Image: 
Image size: 
(7, 240, 240, 3)
Train data shape: 
(7, 240, 240, 3)
Train data: 
Filename: 
KHGX20140713_113527_V06
Label: 
Image: 
Image size: 
(7, 240, 240, 3)
Train data shape: 
(14, 240, 240, 3)
Train data: 
Filename: 
KHGX20140711_113517_V06
Label: 
Image: 
Image size: 
(7, 240, 240, 3)
Train data shape: 
(21, 240, 240, 3)
Train data: 
Filename: 
KLSX20160817_112151_V06
Label: 
Image: 
Image size: 
(7, 240, 240, 3)
Train data shape: 
(28, 240, 240, 3)
Train data: 
Filename: 
KDOX20150712_090615_V06
Label: 
Image: 
Filename: 
KPBZ20150520_103402_V06
Label: 
Image: 
Filename: 
KMOB20150520_112445_V06
Label: 
Image: 
Filename: 
KMOB20150730_115950_V06
Label: 
Image: 
(28, 2)
Validation Epoch: 0 Loss: 1.023615837097168 Accuracy 0.3928571343421936
'NoneType' object is not iterable
Get batch: 
3
3
4469
1711
1521
4399
1541
1520
Filename: 
KSGF20160725_114501_V06
Label: 
Image: 
Image size: 
(7, 240, 240, 3)
Train data shape: 
(7, 240, 240, 3)
Train data: 
Filename: 
KCLE20130821_104417_V06
Label: 
Image: 
Image size: 
(7, 240, 240, 3)
Train data shape: 
(14, 240, 240, 3)
Train data: 
Filename: 
KGWX20140716_103927_V07
Label: 
Image: 
Image size: 
(7, 240, 240, 3)
Train data shape: 
(21, 240, 240, 3)
Train data: 
Filename: 
KVWX20130730_110253_V06
Label: 
Image: 
Image size: 
(7, 240, 240, 3)
Train data shape: 
(28, 240, 240, 3)
Train data: 
Filename: 
KAKQ20140830_090013_V06
Label: 
Image: 
Filename: 
KLIX20140709_090154_V06
Label: 
Image: 
Filename: 
KBRO20130809_115543_V06
Label: 
Image: 
Image size: 
(7, 240, 240, 3)
Train data shape: 
(35, 240, 240, 3)
Train data: 
Filename: 
KCLE20120809_115933_V06
Label: 
Image: 
(35, 2)
35
X AND Y: 
(35, 240, 240, 3)
(35, 2)
Training Epoch: 1 Loss: 1.4509717226028442 Accuracy 0.20000000298023224
Get batch: 
3
3
4469
1711
1521
4399
1541
1520
Filename: 
KMOB20130719_111626_V06
Label: 
Image: 
Image size: 
(7, 240, 240, 3)
Train data shape: 
(7, 240, 240, 3)
Train data: 
Filename: 
KDTX20150810_105411_V06
Label: 
Image: 
Image size: 
(7, 240, 240, 3)
Train data shape: 
(14, 240, 240, 3)
Train data: 
Filename: 
KSHV20140723_114526_V06
Label: 
Image: 
Image size: 
(7, 240, 240, 3)
Train data shape: 
(21, 240, 240, 3)
Train data: 
Filename: 
KHTX20160723_110021_V06
Label: 
Image: 
Image size: 
(7, 240, 240, 3)
Train data shape: 
(28, 240, 240, 3)
Train data: 
Filename: 
KPAH20160520_111113_V06
Label: 
Image: 
Filename: 
KFFC20140520_110212_V06
Label: 
Image: 
Image size: 
(15, 240, 240, 3)
Train data shape: 
(43, 240, 240, 3)
Train data: 
Filename: 
KMPX20160816_092006_V06
Label: 
Image: 
Filename: 
KFFC20150711_115505_V06
Label: 
Image: 
Image size: 
(15, 240, 240, 3)
Train data shape: 
(58, 240, 240, 3)
Train data: 
(58, 2)
58
X AND Y: 
(58, 240, 240, 3)
(58, 2)
Training Epoch: 2 Loss: 0.5951868891716003 Accuracy 0.7068965435028076
Get batch: 
3
3
4469
1711
1521
4399
1541
1520
Filename: 
KJGX20120715_102945_V07
Label: 
Image: 
Image size: 
(7, 240, 240, 3)
Train data shape: 
(7, 240, 240, 3)
Train data: 
Filename: 
KGRK20140802_120624_V06
Label: 
Image: 
Image size: 
(7, 240, 240, 3)
Train data shape: 
(14, 240, 240, 3)
Train data: 
Filename: 
KRLX20150813_105352_V06
Label: 
Image: 
Image size: 
(7, 240, 240, 3)
Train data shape: 
(21, 240, 240, 3)
Train data: 
Filename: 
KDOX20140813_100625_V07
Label: 
Image: 
Image size: 
(7, 240, 240, 3)
Train data shape: 
(28, 240, 240, 3)
Train data: 
Filename: 
KJGX20160520_110154_V06
Label: 
Image: 
Image size: 
(15, 240, 240, 3)
Train data shape: 
(43, 240, 240, 3)
Train data: 
Filename: 
KTYX20140520_095847_V07
Label: 
Image: 
Filename: 
KFSD20131010_115949_V06
Label: 
Image: 
Filename: 
KTBW20160613_090352_V06
Label: 
Image: 
Image size: 
(15, 240, 240, 3)
Train data shape: 
(58, 240, 240, 3)
Train data: 
(58, 2)
58
X AND Y: 
(58, 240, 240, 3)
(58, 2)
Training Epoch: 3 Loss: 0.5773040652275085 Accuracy 0.6896551847457886
Get batch: 
3
3
4469
1711
1521
4399
1541
1520
Filename: 
KLSX20130727_105053_V06
Label: 
Image: 
Image size: 
(7, 240, 240, 3)
Train data shape: 
(7, 240, 240, 3)
Train data: 
Filename: 
KHGX20150711_111617_V06
Label: 
Image: 
Image size: 
(7, 240, 240, 3)
Train data shape: 
(14, 240, 240, 3)
Train data: 
Filename: 
KOKX20160816_101046_V06
Label: 
Image: 
Image size: 
(7, 240, 240, 3)
Train data shape: 
(21, 240, 240, 3)
Train data: 
Filename: 
KFWS20160723_113557_V06
Label: 
Image: 
Image size: 
(7, 240, 240, 3)
Train data shape: 
(28, 240, 240, 3)
Train data: 
Filename: 
KSRX20140520_114234_V06
Label: 
Image: 
Image size: 
(15, 240, 240, 3)
Train data shape: 
(43, 240, 240, 3)
Train data: 
Filename: 
KEVX20170808_090117_V06
Label: 
Image: 
Image size: 
(15, 240, 240, 3)
Train data shape: 
(58, 240, 240, 3)
Train data: 
Filename: 
KGRK20140709_092915_V06
Label: 
Image: 
Filename: 
KPOE20160725_092523_V06
Label: 
Image: 
Image size: 
(15, 240, 240, 3)
Train data shape: 
(73, 240, 240, 3)
Train data: 
(73, 2)
73
X AND Y: 
(73, 240, 240, 3)
(73, 2)
Training Epoch: 4 Loss: 0.7339792847633362 Accuracy 0.5479452013969421
Get batch: 
3
3
4469
1711
1521
4399
1541
1520
Filename: 
KLSX20120730_111918_V06
Label: 
Image: 
Image size: 
(7, 240, 240, 3)
Train data shape: 
(7, 240, 240, 3)
Train data: 
Filename: 
KEAX20120708_111459_V06
Label: 
Image: 
Image size: 
(7, 240, 240, 3)
Train data shape: 
(14, 240, 240, 3)
Train data: 
Filename: 
KHGX20130712_113628_V06
Label: 
Image: 
Image size: 
(7, 240, 240, 3)
Train data shape: 
(21, 240, 240, 3)
Train data: 
Filename: 
KIWX20130813_105313_V06
Label: 
Image: 
Image size: 
(7, 240, 240, 3)
Train data shape: 
(28, 240, 240, 3)
Train data: 
Filename: 
KVWX20150811_090408_V06
Label: 
Image: 
Filename: 
KICT20120520_114542_V06
Label: 
Image: 
Image size: 
(15, 240, 240, 3)
Train data shape: 
(43, 240, 240, 3)
Train data: 
Filename: 
KBUF20120809_115900_V06
Label: 
Image: 
Filename: 
KMXX20130813_115450_V06
Label: 
Image: 
Image size: 
(15, 240, 240, 3)
Train data shape: 
(58, 240, 240, 3)
Train data: 
(58, 2)
58
X AND Y: 
(58, 240, 240, 3)
(58, 2)
Training Epoch: 5 Loss: 0.5027797818183899 Accuracy 0.6896551847457886
