2
schooner

## You are using the Python ARM Radar Toolkit (Py-ART), an open source
## library for working with weather radar data. Py-ART is partly
## supported by the U.S. Department of Energy as part of the Atmospheric
## Radiation Measurement (ARM) Climate Research Facility, an Office of
## Science user facility.
##
## If you use this software to prepare a publication, please cite:
##
##     JJ Helmus and SM Collis, JORS 2016, doi: 10.5334/jors.119

Log path: 
model/Velocity/
MODEL NAME
ML_Model.Shallow_CNN
Ks: 
3
4
Input dimensions:
(240, 240, 3)
_________________________________________________________________
Layer (type)                 Output Shape              Param #   
=================================================================
conv2d_1 (Conv2D)            (None, 236, 236, 8)       608       
_________________________________________________________________
batch_normalization_1 (Batch (None, 236, 236, 8)       32        
_________________________________________________________________
activation_1 (Activation)    (None, 236, 236, 8)       0         
_________________________________________________________________
max_pooling2d_1 (MaxPooling2 (None, 118, 118, 8)       0         
_________________________________________________________________
conv2d_2 (Conv2D)            (None, 114, 114, 8)       1608      
_________________________________________________________________
batch_normalization_2 (Batch (None, 114, 114, 8)       32        
_________________________________________________________________
activation_2 (Activation)    (None, 114, 114, 8)       0         
_________________________________________________________________
max_pooling2d_2 (MaxPooling2 (None, 57, 57, 8)         0         
_________________________________________________________________
conv2d_3 (Conv2D)            (None, 53, 53, 16)        3216      
_________________________________________________________________
batch_normalization_3 (Batch (None, 53, 53, 16)        64        
_________________________________________________________________
activation_3 (Activation)    (None, 53, 53, 16)        0         
_________________________________________________________________
max_pooling2d_3 (MaxPooling2 (None, 26, 26, 16)        0         
_________________________________________________________________
conv2d_4 (Conv2D)            (None, 22, 22, 32)        12832     
_________________________________________________________________
batch_normalization_4 (Batch (None, 22, 22, 32)        128       
_________________________________________________________________
activation_4 (Activation)    (None, 22, 22, 32)        0         
_________________________________________________________________
max_pooling2d_4 (MaxPooling2 (None, 11, 11, 32)        0         
_________________________________________________________________
conv2d_5 (Conv2D)            (None, 7, 7, 64)          51264     
_________________________________________________________________
batch_normalization_5 (Batch (None, 7, 7, 64)          256       
_________________________________________________________________
activation_5 (Activation)    (None, 7, 7, 64)          0         
_________________________________________________________________
max_pooling2d_5 (MaxPooling2 (None, 3, 3, 64)          0         
_________________________________________________________________
flatten_1 (Flatten)          (None, 576)               0         
_________________________________________________________________
dense_1 (Dense)              (None, 500)               288500    
_________________________________________________________________
batch_normalization_6 (Batch (None, 500)               2000      
_________________________________________________________________
activation_6 (Activation)    (None, 500)               0         
_________________________________________________________________
dense_2 (Dense)              (None, 2)                 1002      
=================================================================
Total params: 361,542
Trainable params: 360,286
Non-trainable params: 1,256
_________________________________________________________________
73
X AND Y: 
(73, 240, 240, 3)
(73, 2)
Training Epoch: 0 Loss: 0.9067423343658447 Accuracy 0.465753436088562
Validation Epoch: 0 Loss: 0.5495305061340332 Accuracy 0.7674418687820435
'NoneType' object is not iterable
73
X AND Y: 
(73, 240, 240, 3)
(73, 2)
Training Epoch: 1 Loss: 0.7422042489051819 Accuracy 0.534246563911438
73
X AND Y: 
(73, 240, 240, 3)
(73, 2)
Training Epoch: 2 Loss: 0.725242018699646 Accuracy 0.6027397513389587
80
X AND Y: 
(80, 240, 240, 3)
(80, 2)
Training Epoch: 3 Loss: 0.7629804611206055 Accuracy 0.5874999761581421
58
X AND Y: 
(58, 240, 240, 3)
(58, 2)
Training Epoch: 4 Loss: 0.6420849561691284 Accuracy 0.7413793206214905
58
X AND Y: 
(58, 240, 240, 3)
(58, 2)
Training Epoch: 5 Loss: 0.6096109747886658 Accuracy 0.7241379022598267
Validation Epoch: 5 Loss: 0.5659701824188232 Accuracy 0.7906976938247681
'NoneType' object is not iterable
43
X AND Y: 
(43, 240, 240, 3)
(43, 2)
Training Epoch: 6 Loss: 0.5227525234222412 Accuracy 0.6976743936538696
43
X AND Y: 
(43, 240, 240, 3)
(43, 2)
Training Epoch: 7 Loss: 0.38462963700294495 Accuracy 0.8372092843055725
73
X AND Y: 
(73, 240, 240, 3)
(73, 2)
Training Epoch: 8 Loss: 0.9498326778411865 Accuracy 0.6712328791618347
43
X AND Y: 
(43, 240, 240, 3)
(43, 2)
Training Epoch: 9 Loss: 0.633558452129364 Accuracy 0.6744186282157898
28
X AND Y: 
(28, 240, 240, 3)
(28, 2)
Training Epoch: 10 Loss: 0.7243204116821289 Accuracy 0.6428571343421936
Validation Epoch: 10 Loss: 0.8159610629081726 Accuracy 0.7123287916183472
'NoneType' object is not iterable
43
X AND Y: 
(43, 240, 240, 3)
(43, 2)
Training Epoch: 11 Loss: 0.5739620327949524 Accuracy 0.6744186282157898
73
X AND Y: 
(73, 240, 240, 3)
(73, 2)
Training Epoch: 12 Loss: 0.7214794158935547 Accuracy 0.7397260069847107
58
X AND Y: 
(58, 240, 240, 3)
(58, 2)
Training Epoch: 13 Loss: 0.9112926721572876 Accuracy 0.6379310488700867
43
X AND Y: 
(43, 240, 240, 3)
(43, 2)
Training Epoch: 14 Loss: 0.9013528823852539 Accuracy 0.6976743936538696
58
X AND Y: 
(58, 240, 240, 3)
(58, 2)
Training Epoch: 15 Loss: 0.6343943476676941 Accuracy 0.7241379022598267
Validation Epoch: 15 Loss: 0.7692033648490906 Accuracy 0.6438356041908264
'NoneType' object is not iterable
73
X AND Y: 
(73, 240, 240, 3)
(73, 2)
Training Epoch: 16 Loss: 0.7879803776741028 Accuracy 0.698630154132843
28
X AND Y: 
(28, 240, 240, 3)
(28, 2)
Training Epoch: 17 Loss: 0.7720823287963867 Accuracy 0.6071428656578064
73
X AND Y: 
(73, 240, 240, 3)
(73, 2)
Training Epoch: 18 Loss: 0.7838632464408875 Accuracy 0.6575342416763306
73
X AND Y: 
(73, 240, 240, 3)
(73, 2)
Training Epoch: 19 Loss: 0.6893503069877625 Accuracy 0.6849315166473389
65
X AND Y: 
(65, 240, 240, 3)
(65, 2)
Training Epoch: 20 Loss: 0.7298688292503357 Accuracy 0.692307710647583
Validation Epoch: 20 Loss: 0.5357346534729004 Accuracy 0.7674418687820435
'NoneType' object is not iterable
43
X AND Y: 
(43, 240, 240, 3)
(43, 2)
Training Epoch: 21 Loss: 0.50899338722229 Accuracy 0.6744186282157898
43
X AND Y: 
(43, 240, 240, 3)
(43, 2)
Training Epoch: 22 Loss: 0.8114073276519775 Accuracy 0.6511628031730652
73
X AND Y: 
(73, 240, 240, 3)
(73, 2)
Training Epoch: 23 Loss: 0.6236453056335449 Accuracy 0.6575342416763306
73
X AND Y: 
(73, 240, 240, 3)
(73, 2)
Training Epoch: 24 Loss: 0.675466775894165 Accuracy 0.6301369667053223
35
X AND Y: 
(35, 240, 240, 3)
(35, 2)
Training Epoch: 25 Loss: 0.6185898780822754 Accuracy 0.6285714507102966
Validation Epoch: 25 Loss: 1.0069482326507568 Accuracy 0.534246563911438
'NoneType' object is not iterable
43
X AND Y: 
(43, 240, 240, 3)
(43, 2)
Training Epoch: 26 Loss: 0.4889404773712158 Accuracy 0.8139534592628479
43
X AND Y: 
(43, 240, 240, 3)
(43, 2)
Training Epoch: 27 Loss: 0.5922355651855469 Accuracy 0.6976743936538696
73
X AND Y: 
(73, 240, 240, 3)
(73, 2)
Training Epoch: 28 Loss: 0.6663663387298584 Accuracy 0.6438356041908264
88
X AND Y: 
(88, 240, 240, 3)
(88, 2)
Training Epoch: 29 Loss: 0.6643617153167725 Accuracy 0.6363636255264282
43
X AND Y: 
(43, 240, 240, 3)
(43, 2)
Training Epoch: 30 Loss: 0.5560845136642456 Accuracy 0.7441860437393188
Validation Epoch: 30 Loss: 0.7804160118103027 Accuracy 0.7413793206214905
'NoneType' object is not iterable
50
X AND Y: 
(50, 240, 240, 3)
(50, 2)
Training Epoch: 31 Loss: 0.6467851996421814 Accuracy 0.6800000071525574
43
X AND Y: 
(43, 240, 240, 3)
(43, 2)
Training Epoch: 32 Loss: 0.46686774492263794 Accuracy 0.8372092843055725
28
X AND Y: 
(28, 240, 240, 3)
(28, 2)
Training Epoch: 33 Loss: 0.7315505146980286 Accuracy 0.6428571343421936
28
X AND Y: 
(28, 240, 240, 3)
(28, 2)
Training Epoch: 34 Loss: 0.6890506744384766 Accuracy 0.6071428656578064
43
X AND Y: 
(43, 240, 240, 3)
(43, 2)
Training Epoch: 35 Loss: 0.4429413974285126 Accuracy 0.8372092843055725
Validation Epoch: 35 Loss: 0.7326852083206177 Accuracy 0.6849315166473389
'NoneType' object is not iterable
57
X AND Y: 
(57, 240, 240, 3)
(57, 2)
Training Epoch: 36 Loss: 0.4760424494743347 Accuracy 0.8070175647735596
58
X AND Y: 
(58, 240, 240, 3)
(58, 2)
Training Epoch: 37 Loss: 0.5422393083572388 Accuracy 0.7068965435028076
58
X AND Y: 
(58, 240, 240, 3)
(58, 2)
Training Epoch: 38 Loss: 0.520786702632904 Accuracy 0.7586206793785095
58
X AND Y: 
(58, 240, 240, 3)
(58, 2)
Training Epoch: 39 Loss: 0.5142980217933655 Accuracy 0.7586206793785095
58
X AND Y: 
(58, 240, 240, 3)
(58, 2)
Training Epoch: 40 Loss: 0.4908532202243805 Accuracy 0.7586206793785095
Validation Epoch: 40 Loss: 0.6375377178192139 Accuracy 0.692307710647583
'NoneType' object is not iterable
80
X AND Y: 
(80, 240, 240, 3)
(80, 2)
Training Epoch: 41 Loss: 0.7654496431350708 Accuracy 0.612500011920929
65
X AND Y: 
(65, 240, 240, 3)
(65, 2)
Training Epoch: 42 Loss: 0.6680675745010376 Accuracy 0.6461538672447205
73
X AND Y: 
(73, 240, 240, 3)
(73, 2)
Training Epoch: 43 Loss: 0.5099658370018005 Accuracy 0.7397260069847107
43
X AND Y: 
(43, 240, 240, 3)
(43, 2)
Training Epoch: 44 Loss: 0.45351046323776245 Accuracy 0.7674418687820435
43
X AND Y: 
(43, 240, 240, 3)
(43, 2)
Training Epoch: 45 Loss: 0.46677589416503906 Accuracy 0.7441860437393188
Validation Epoch: 45 Loss: 0.7003321647644043 Accuracy 0.6551724076271057
'NoneType' object is not iterable
43
X AND Y: 
(43, 240, 240, 3)
(43, 2)
Training Epoch: 46 Loss: 0.344929575920105 Accuracy 0.8604651093482971
73
X AND Y: 
(73, 240, 240, 3)
(73, 2)
Training Epoch: 47 Loss: 0.6010630130767822 Accuracy 0.698630154132843
58
X AND Y: 
(58, 240, 240, 3)
(58, 2)
Training Epoch: 48 Loss: 0.5919731259346008 Accuracy 0.7068965435028076
73
X AND Y: 
(73, 240, 240, 3)
(73, 2)
Training Epoch: 49 Loss: 0.5358777642250061 Accuracy 0.7397260069847107
43
X AND Y: 
(43, 240, 240, 3)
(43, 2)
Training Epoch: 50 Loss: 0.43057695031166077 Accuracy 0.8837209343910217
Validation Epoch: 50 Loss: 0.4776717722415924 Accuracy 0.8139534592628479
'NoneType' object is not iterable
65
X AND Y: 
(65, 240, 240, 3)
(65, 2)
Training Epoch: 51 Loss: 0.5687215924263 Accuracy 0.7076923251152039
58
X AND Y: 
(58, 240, 240, 3)
(58, 2)
Training Epoch: 52 Loss: 0.48899850249290466 Accuracy 0.7758620977401733
58
X AND Y: 
(58, 240, 240, 3)
(58, 2)
Training Epoch: 53 Loss: 0.40913981199264526 Accuracy 0.7758620977401733
28
X AND Y: 
(28, 240, 240, 3)
(28, 2)
Training Epoch: 54 Loss: 0.7355774641036987 Accuracy 0.5357142686843872
73
X AND Y: 
(73, 240, 240, 3)
(73, 2)
Training Epoch: 55 Loss: 0.529949426651001 Accuracy 0.698630154132843
Validation Epoch: 55 Loss: 0.592573344707489 Accuracy 0.6206896305084229
'NoneType' object is not iterable
73
X AND Y: 
(73, 240, 240, 3)
(73, 2)
Training Epoch: 56 Loss: 0.6175017952919006 Accuracy 0.7123287916183472
28
X AND Y: 
(28, 240, 240, 3)
(28, 2)
Training Epoch: 57 Loss: 0.7610349655151367 Accuracy 0.4285714328289032
43
X AND Y: 
(43, 240, 240, 3)
(43, 2)
Training Epoch: 58 Loss: 0.37107911705970764 Accuracy 0.8837209343910217
43
X AND Y: 
(43, 240, 240, 3)
(43, 2)
Training Epoch: 59 Loss: 0.3717978596687317 Accuracy 0.8372092843055725
58
X AND Y: 
(58, 240, 240, 3)
(58, 2)
Training Epoch: 60 Loss: 0.4164736270904541 Accuracy 0.8275862336158752
Validation Epoch: 60 Loss: 0.8939763307571411 Accuracy 0.4482758641242981
'NoneType' object is not iterable
28
X AND Y: 
(28, 240, 240, 3)
(28, 2)
Training Epoch: 61 Loss: 0.7954002022743225 Accuracy 0.4285714328289032
73
X AND Y: 
(73, 240, 240, 3)
(73, 2)
Training Epoch: 62 Loss: 0.5486325025558472 Accuracy 0.7808219194412231
58
X AND Y: 
(58, 240, 240, 3)
(58, 2)
Training Epoch: 63 Loss: 0.31294211745262146 Accuracy 0.8793103694915771
50
X AND Y: 
(50, 240, 240, 3)
(50, 2)
Training Epoch: 64 Loss: 0.24208155274391174 Accuracy 0.9399999976158142
43
X AND Y: 
(43, 240, 240, 3)
(43, 2)
Training Epoch: 65 Loss: 0.3270615339279175 Accuracy 0.8372092843055725
Validation Epoch: 65 Loss: 0.8994964957237244 Accuracy 0.43103447556495667
'NoneType' object is not iterable
58
X AND Y: 
(58, 240, 240, 3)
(58, 2)
Training Epoch: 66 Loss: 0.7156181931495667 Accuracy 0.6034482717514038
73
X AND Y: 
(73, 240, 240, 3)
(73, 2)
Training Epoch: 67 Loss: 0.6445441842079163 Accuracy 0.7260273694992065
43
X AND Y: 
(43, 240, 240, 3)
(43, 2)
Training Epoch: 68 Loss: 0.28600403666496277 Accuracy 0.9069767594337463
28
X AND Y: 
(28, 240, 240, 3)
(28, 2)
Training Epoch: 69 Loss: 0.730495274066925 Accuracy 0.6071428656578064
43
X AND Y: 
(43, 240, 240, 3)
(43, 2)
Training Epoch: 70 Loss: 0.5132236480712891 Accuracy 0.7906976938247681
Validation Epoch: 70 Loss: 0.8120170831680298 Accuracy 0.517241358757019
'NoneType' object is not iterable
43
X AND Y: 
(43, 240, 240, 3)
(43, 2)
Training Epoch: 71 Loss: 0.6640457510948181 Accuracy 0.6744186282157898
73
X AND Y: 
(73, 240, 240, 3)
(73, 2)
Training Epoch: 72 Loss: 0.6476364731788635 Accuracy 0.7808219194412231
73
X AND Y: 
(73, 240, 240, 3)
(73, 2)
Training Epoch: 73 Loss: 0.43010151386260986 Accuracy 0.8219178318977356
73
X AND Y: 
(73, 240, 240, 3)
(73, 2)
Training Epoch: 74 Loss: 0.6859184503555298 Accuracy 0.7260273694992065
43
X AND Y: 
(43, 240, 240, 3)
(43, 2)
Training Epoch: 75 Loss: 0.44852548837661743 Accuracy 0.6976743936538696
Validation Epoch: 75 Loss: 0.5372213125228882 Accuracy 0.7441860437393188
'NoneType' object is not iterable
43
X AND Y: 
(43, 240, 240, 3)
(43, 2)
Training Epoch: 76 Loss: 0.3872045576572418 Accuracy 0.8372092843055725
73
X AND Y: 
(73, 240, 240, 3)
(73, 2)
Training Epoch: 77 Loss: 0.41212838888168335 Accuracy 0.8904109597206116
43
X AND Y: 
(43, 240, 240, 3)
(43, 2)
Training Epoch: 78 Loss: 0.49007388949394226 Accuracy 0.7441860437393188
73
X AND Y: 
(73, 240, 240, 3)
(73, 2)
Training Epoch: 79 Loss: 0.4698617458343506 Accuracy 0.7260273694992065
58
X AND Y: 
(58, 240, 240, 3)
(58, 2)
Training Epoch: 80 Loss: 0.29346880316734314 Accuracy 0.8448275923728943
Validation Epoch: 80 Loss: 0.5425306558609009 Accuracy 0.8372092843055725
'NoneType' object is not iterable
58
X AND Y: 
(58, 240, 240, 3)
(58, 2)
Training Epoch: 81 Loss: 0.3462427854537964 Accuracy 0.8793103694915771
58
X AND Y: 
(58, 240, 240, 3)
(58, 2)
Training Epoch: 82 Loss: 0.5831037759780884 Accuracy 0.6379310488700867
58
X AND Y: 
(58, 240, 240, 3)
(58, 2)
Training Epoch: 83 Loss: 0.6545484662055969 Accuracy 0.6724137663841248
73
X AND Y: 
(73, 240, 240, 3)
(73, 2)
Training Epoch: 84 Loss: 0.3625982105731964 Accuracy 0.8219178318977356
28
X AND Y: 
(28, 240, 240, 3)
(28, 2)
Training Epoch: 85 Loss: 0.7301034927368164 Accuracy 0.5714285969734192
Validation Epoch: 85 Loss: 0.8394433259963989 Accuracy 0.6769230961799622
'NoneType' object is not iterable
21
X AND Y: 
(21, 240, 240, 3)
(21, 2)
Training Epoch: 86 Loss: 0.7710684537887573 Accuracy 0.5714285969734192
43
X AND Y: 
(43, 240, 240, 3)
(43, 2)
Training Epoch: 87 Loss: 0.48776617646217346 Accuracy 0.8372092843055725
21
X AND Y: 
(21, 240, 240, 3)
(21, 2)
Training Epoch: 88 Loss: 0.6736640930175781 Accuracy 0.6190476417541504
58
X AND Y: 
(58, 240, 240, 3)
(58, 2)
Training Epoch: 89 Loss: 0.5665730237960815 Accuracy 0.7931034564971924
65
X AND Y: 
(65, 240, 240, 3)
(65, 2)
Training Epoch: 90 Loss: 0.5443801879882812 Accuracy 0.6769230961799622
Validation Epoch: 90 Loss: 0.4615759253501892 Accuracy 0.8055555820465088
'NoneType' object is not iterable
28
X AND Y: 
(28, 240, 240, 3)
(28, 2)
Training Epoch: 91 Loss: 0.6397112011909485 Accuracy 0.6071428656578064
58
X AND Y: 
(58, 240, 240, 3)
(58, 2)
Training Epoch: 92 Loss: 0.6847559213638306 Accuracy 0.6379310488700867
73
X AND Y: 
(73, 240, 240, 3)
(73, 2)
Training Epoch: 93 Loss: 0.5274680256843567 Accuracy 0.7808219194412231
28
X AND Y: 
(28, 240, 240, 3)
(28, 2)
Training Epoch: 94 Loss: 0.6481884717941284 Accuracy 0.75
58
X AND Y: 
(58, 240, 240, 3)
(58, 2)
Training Epoch: 95 Loss: 0.4363647699356079 Accuracy 0.8103448152542114
Validation Epoch: 95 Loss: 0.28251388669013977 Accuracy 0.9285714030265808
'NoneType' object is not iterable
58
X AND Y: 
(58, 240, 240, 3)
(58, 2)
Training Epoch: 96 Loss: 0.5828500986099243 Accuracy 0.7758620977401733
58
X AND Y: 
(58, 240, 240, 3)
(58, 2)
Training Epoch: 97 Loss: 0.5367205142974854 Accuracy 0.7586206793785095
43
X AND Y: 
(43, 240, 240, 3)
(43, 2)
Training Epoch: 98 Loss: 0.4981842041015625 Accuracy 0.7906976938247681
43
X AND Y: 
(43, 240, 240, 3)
(43, 2)
Training Epoch: 99 Loss: 0.4264806807041168 Accuracy 0.8139534592628479
43
X AND Y: 
(43, 240, 240, 3)
(43, 2)
Training Epoch: 100 Loss: 0.3551744818687439 Accuracy 0.8604651093482971
