2019-05-05 11:36:03.512199: I tensorflow/core/platform/cpu_feature_guard.cc:141] Your CPU supports instructions that this TensorFlow binary was not compiled to use: SSE4.1 SSE4.2 AVX AVX2 FMA
2019-05-05 11:36:03.519814: I tensorflow/core/common_runtime/process_util.cc:69] Creating new thread pool with default inter op setting: 2. Tune using inter_op_parallelism_threads for best performance.
Using TensorFlow backend.
/home/keavery/anaconda3/envs/venv/lib/python3.6/site-packages/numpy/lib/type_check.py:546: DeprecationWarning: np.asscalar(a) is deprecated since NumPy v1.16, use a.item() instead
  'a.item() instead', DeprecationWarning, stacklevel=1)
/home/keavery/anaconda3/envs/venv/lib/python3.6/site-packages/tensorflow/python/util/tf_inspect.py:75: DeprecationWarning: inspect.getargspec() is deprecated since Python 3.0, use inspect.signature() or inspect.getfullargspec()
  return _inspect.getargspec(target)
/home/keavery/anaconda3/envs/venv/lib/python3.6/site-packages/tensorflow/python/util/tf_inspect.py:75: DeprecationWarning: inspect.getargspec() is deprecated since Python 3.0, use inspect.signature() or inspect.getfullargspec()
  return _inspect.getargspec(target)
/home/keavery/anaconda3/envs/venv/lib/python3.6/site-packages/tensorflow/python/util/tf_inspect.py:75: DeprecationWarning: inspect.getargspec() is deprecated since Python 3.0, use inspect.signature() or inspect.getfullargspec()
  return _inspect.getargspec(target)
/home/keavery/anaconda3/envs/venv/lib/python3.6/site-packages/tensorflow/python/util/tf_inspect.py:75: DeprecationWarning: inspect.getargspec() is deprecated since Python 3.0, use inspect.signature() or inspect.getfullargspec()
  return _inspect.getargspec(target)
/home/keavery/anaconda3/envs/venv/lib/python3.6/site-packages/tensorflow/python/util/tf_inspect.py:75: DeprecationWarning: inspect.getargspec() is deprecated since Python 3.0, use inspect.signature() or inspect.getfullargspec()
  return _inspect.getargspec(target)
/home/keavery/anaconda3/envs/venv/lib/python3.6/site-packages/tensorflow/python/util/tf_inspect.py:75: DeprecationWarning: inspect.getargspec() is deprecated since Python 3.0, use inspect.signature() or inspect.getfullargspec()
  return _inspect.getargspec(target)
/home/keavery/anaconda3/envs/venv/lib/python3.6/site-packages/tensorflow/python/util/tf_inspect.py:75: DeprecationWarning: inspect.getargspec() is deprecated since Python 3.0, use inspect.signature() or inspect.getfullargspec()
  return _inspect.getargspec(target)
/home/keavery/anaconda3/envs/venv/lib/python3.6/site-packages/tensorflow/python/util/tf_inspect.py:75: DeprecationWarning: inspect.getargspec() is deprecated since Python 3.0, use inspect.signature() or inspect.getfullargspec()
  return _inspect.getargspec(target)
/home/keavery/anaconda3/envs/venv/lib/python3.6/site-packages/tensorflow/python/util/tf_inspect.py:75: DeprecationWarning: inspect.getargspec() is deprecated since Python 3.0, use inspect.signature() or inspect.getfullargspec()
  return _inspect.getargspec(target)
/home/keavery/anaconda3/envs/venv/lib/python3.6/site-packages/tensorflow/python/util/tf_inspect.py:75: DeprecationWarning: inspect.getargspec() is deprecated since Python 3.0, use inspect.signature() or inspect.getfullargspec()
  return _inspect.getargspec(target)
/home/keavery/anaconda3/envs/venv/lib/python3.6/site-packages/tensorflow/python/util/tf_inspect.py:75: DeprecationWarning: inspect.getargspec() is deprecated since Python 3.0, use inspect.signature() or inspect.getfullargspec()
  return _inspect.getargspec(target)
/home/keavery/anaconda3/envs/venv/lib/python3.6/site-packages/tensorflow/python/util/tf_inspect.py:75: DeprecationWarning: inspect.getargspec() is deprecated since Python 3.0, use inspect.signature() or inspect.getfullargspec()
  return _inspect.getargspec(target)
/home/keavery/anaconda3/envs/venv/lib/python3.6/site-packages/tensorflow/python/util/tf_inspect.py:75: DeprecationWarning: inspect.getargspec() is deprecated since Python 3.0, use inspect.signature() or inspect.getfullargspec()
  return _inspect.getargspec(target)
/home/keavery/anaconda3/envs/venv/lib/python3.6/site-packages/tensorflow/python/util/tf_inspect.py:75: DeprecationWarning: inspect.getargspec() is deprecated since Python 3.0, use inspect.signature() or inspect.getfullargspec()
  return _inspect.getargspec(target)
/home/keavery/anaconda3/envs/venv/lib/python3.6/site-packages/tensorflow/python/util/tf_inspect.py:75: DeprecationWarning: inspect.getargspec() is deprecated since Python 3.0, use inspect.signature() or inspect.getfullargspec()
  return _inspect.getargspec(target)
/home/keavery/anaconda3/envs/venv/lib/python3.6/site-packages/tensorflow/python/util/tf_inspect.py:75: DeprecationWarning: inspect.getargspec() is deprecated since Python 3.0, use inspect.signature() or inspect.getfullargspec()
  return _inspect.getargspec(target)
/home/keavery/anaconda3/envs/venv/lib/python3.6/site-packages/tensorflow/python/util/tf_inspect.py:75: DeprecationWarning: inspect.getargspec() is deprecated since Python 3.0, use inspect.signature() or inspect.getfullargspec()
  return _inspect.getargspec(target)
/home/keavery/anaconda3/envs/venv/lib/python3.6/site-packages/tensorflow/python/util/tf_inspect.py:75: DeprecationWarning: inspect.getargspec() is deprecated since Python 3.0, use inspect.signature() or inspect.getfullargspec()
  return _inspect.getargspec(target)
/home/keavery/anaconda3/envs/venv/lib/python3.6/site-packages/tensorflow/python/util/tf_inspect.py:75: DeprecationWarning: inspect.getargspec() is deprecated since Python 3.0, use inspect.signature() or inspect.getfullargspec()
  return _inspect.getargspec(target)
/home/keavery/anaconda3/envs/venv/lib/python3.6/site-packages/tensorflow/python/util/tf_inspect.py:75: DeprecationWarning: inspect.getargspec() is deprecated since Python 3.0, use inspect.signature() or inspect.getfullargspec()
  return _inspect.getargspec(target)
/home/keavery/anaconda3/envs/venv/lib/python3.6/site-packages/tensorflow/python/util/tf_inspect.py:75: DeprecationWarning: inspect.getargspec() is deprecated since Python 3.0, use inspect.signature() or inspect.getfullargspec()
  return _inspect.getargspec(target)
/home/keavery/anaconda3/envs/venv/lib/python3.6/site-packages/tensorflow/python/util/tf_inspect.py:75: DeprecationWarning: inspect.getargspec() is deprecated since Python 3.0, use inspect.signature() or inspect.getfullargspec()
  return _inspect.getargspec(target)
/home/keavery/anaconda3/envs/venv/lib/python3.6/site-packages/tensorflow/python/util/tf_inspect.py:75: DeprecationWarning: inspect.getargspec() is deprecated since Python 3.0, use inspect.signature() or inspect.getfullargspec()
  return _inspect.getargspec(target)
/home/keavery/anaconda3/envs/venv/lib/python3.6/site-packages/tensorflow/python/util/tf_inspect.py:75: DeprecationWarning: inspect.getargspec() is deprecated since Python 3.0, use inspect.signature() or inspect.getfullargspec()
  return _inspect.getargspec(target)
/home/keavery/anaconda3/envs/venv/lib/python3.6/site-packages/tensorflow/python/util/tf_inspect.py:75: DeprecationWarning: inspect.getargspec() is deprecated since Python 3.0, use inspect.signature() or inspect.getfullargspec()
  return _inspect.getargspec(target)
/home/keavery/anaconda3/envs/venv/lib/python3.6/site-packages/tensorflow/python/util/tf_inspect.py:75: DeprecationWarning: inspect.getargspec() is deprecated since Python 3.0, use inspect.signature() or inspect.getfullargspec()
  return _inspect.getargspec(target)
/home/keavery/anaconda3/envs/venv/lib/python3.6/site-packages/tensorflow/python/util/tf_inspect.py:75: DeprecationWarning: inspect.getargspec() is deprecated since Python 3.0, use inspect.signature() or inspect.getfullargspec()
  return _inspect.getargspec(target)
/home/keavery/anaconda3/envs/venv/lib/python3.6/site-packages/tensorflow/python/util/tf_inspect.py:75: DeprecationWarning: inspect.getargspec() is deprecated since Python 3.0, use inspect.signature() or inspect.getfullargspec()
  return _inspect.getargspec(target)
/home/keavery/anaconda3/envs/venv/lib/python3.6/site-packages/tensorflow/python/util/tf_inspect.py:75: DeprecationWarning: inspect.getargspec() is deprecated since Python 3.0, use inspect.signature() or inspect.getfullargspec()
  return _inspect.getargspec(target)
/home/keavery/anaconda3/envs/venv/lib/python3.6/site-packages/tensorflow/python/util/tf_inspect.py:75: DeprecationWarning: inspect.getargspec() is deprecated since Python 3.0, use inspect.signature() or inspect.getfullargspec()
  return _inspect.getargspec(target)
/home/keavery/anaconda3/envs/venv/lib/python3.6/site-packages/tensorflow/python/util/tf_inspect.py:75: DeprecationWarning: inspect.getargspec() is deprecated since Python 3.0, use inspect.signature() or inspect.getfullargspec()
  return _inspect.getargspec(target)
/home/keavery/anaconda3/envs/venv/lib/python3.6/site-packages/tensorflow/python/util/tf_inspect.py:75: DeprecationWarning: inspect.getargspec() is deprecated since Python 3.0, use inspect.signature() or inspect.getfullargspec()
  return _inspect.getargspec(target)
/home/keavery/anaconda3/envs/venv/lib/python3.6/site-packages/tensorflow/python/util/tf_inspect.py:75: DeprecationWarning: inspect.getargspec() is deprecated since Python 3.0, use inspect.signature() or inspect.getfullargspec()
  return _inspect.getargspec(target)
/home/keavery/anaconda3/envs/venv/lib/python3.6/site-packages/tensorflow/python/util/tf_inspect.py:75: DeprecationWarning: inspect.getargspec() is deprecated since Python 3.0, use inspect.signature() or inspect.getfullargspec()
  return _inspect.getargspec(target)
/home/keavery/anaconda3/envs/venv/lib/python3.6/site-packages/tensorflow/python/util/tf_inspect.py:75: DeprecationWarning: inspect.getargspec() is deprecated since Python 3.0, use inspect.signature() or inspect.getfullargspec()
  return _inspect.getargspec(target)
/home/keavery/anaconda3/envs/venv/lib/python3.6/site-packages/tensorflow/python/util/tf_inspect.py:75: DeprecationWarning: inspect.getargspec() is deprecated since Python 3.0, use inspect.signature() or inspect.getfullargspec()
  return _inspect.getargspec(target)
/home/keavery/anaconda3/envs/venv/lib/python3.6/site-packages/tensorflow/python/util/tf_inspect.py:75: DeprecationWarning: inspect.getargspec() is deprecated since Python 3.0, use inspect.signature() or inspect.getfullargspec()
  return _inspect.getargspec(target)
/home/keavery/anaconda3/envs/venv/lib/python3.6/site-packages/tensorflow/python/util/tf_inspect.py:75: DeprecationWarning: inspect.getargspec() is deprecated since Python 3.0, use inspect.signature() or inspect.getfullargspec()
  return _inspect.getargspec(target)
/home/keavery/anaconda3/envs/venv/lib/python3.6/site-packages/tensorflow/python/util/tf_inspect.py:75: DeprecationWarning: inspect.getargspec() is deprecated since Python 3.0, use inspect.signature() or inspect.getfullargspec()
  return _inspect.getargspec(target)
/home/keavery/anaconda3/envs/venv/lib/python3.6/site-packages/tensorflow/python/util/tf_inspect.py:75: DeprecationWarning: inspect.getargspec() is deprecated since Python 3.0, use inspect.signature() or inspect.getfullargspec()
  return _inspect.getargspec(target)
/home/keavery/anaconda3/envs/venv/lib/python3.6/site-packages/tensorflow/python/util/tf_inspect.py:75: DeprecationWarning: inspect.getargspec() is deprecated since Python 3.0, use inspect.signature() or inspect.getfullargspec()
  return _inspect.getargspec(target)
/home/keavery/anaconda3/envs/venv/lib/python3.6/site-packages/tensorflow/python/util/tf_inspect.py:75: DeprecationWarning: inspect.getargspec() is deprecated since Python 3.0, use inspect.signature() or inspect.getfullargspec()
  return _inspect.getargspec(target)
/home/keavery/anaconda3/envs/venv/lib/python3.6/site-packages/tensorflow/python/util/tf_inspect.py:75: DeprecationWarning: inspect.getargspec() is deprecated since Python 3.0, use inspect.signature() or inspect.getfullargspec()
  return _inspect.getargspec(target)
/home/keavery/anaconda3/envs/venv/lib/python3.6/site-packages/tensorflow/python/util/tf_inspect.py:75: DeprecationWarning: inspect.getargspec() is deprecated since Python 3.0, use inspect.signature() or inspect.getfullargspec()
  return _inspect.getargspec(target)
/home/keavery/anaconda3/envs/venv/lib/python3.6/site-packages/tensorflow/python/util/tf_inspect.py:75: DeprecationWarning: inspect.getargspec() is deprecated since Python 3.0, use inspect.signature() or inspect.getfullargspec()
  return _inspect.getargspec(target)
/home/keavery/anaconda3/envs/venv/lib/python3.6/site-packages/tensorflow/python/util/tf_inspect.py:75: DeprecationWarning: inspect.getargspec() is deprecated since Python 3.0, use inspect.signature() or inspect.getfullargspec()
  return _inspect.getargspec(target)
/home/keavery/anaconda3/envs/venv/lib/python3.6/site-packages/tensorflow/python/util/tf_inspect.py:75: DeprecationWarning: inspect.getargspec() is deprecated since Python 3.0, use inspect.signature() or inspect.getfullargspec()
  return _inspect.getargspec(target)
/home/keavery/anaconda3/envs/venv/lib/python3.6/site-packages/tensorflow/python/util/tf_inspect.py:75: DeprecationWarning: inspect.getargspec() is deprecated since Python 3.0, use inspect.signature() or inspect.getfullargspec()
  return _inspect.getargspec(target)
/home/keavery/anaconda3/envs/venv/lib/python3.6/site-packages/tensorflow/python/util/tf_inspect.py:75: DeprecationWarning: inspect.getargspec() is deprecated since Python 3.0, use inspect.signature() or inspect.getfullargspec()
  return _inspect.getargspec(target)
/home/keavery/anaconda3/envs/venv/lib/python3.6/site-packages/tensorflow/python/util/tf_inspect.py:75: DeprecationWarning: inspect.getargspec() is deprecated since Python 3.0, use inspect.signature() or inspect.getfullargspec()
  return _inspect.getargspec(target)
/home/keavery/anaconda3/envs/venv/lib/python3.6/site-packages/tensorflow/python/util/tf_inspect.py:75: DeprecationWarning: inspect.getargspec() is deprecated since Python 3.0, use inspect.signature() or inspect.getfullargspec()
  return _inspect.getargspec(target)
/home/keavery/anaconda3/envs/venv/lib/python3.6/site-packages/tensorflow/python/util/tf_inspect.py:75: DeprecationWarning: inspect.getargspec() is deprecated since Python 3.0, use inspect.signature() or inspect.getfullargspec()
  return _inspect.getargspec(target)
/home/keavery/anaconda3/envs/venv/lib/python3.6/site-packages/tensorflow/python/util/tf_inspect.py:75: DeprecationWarning: inspect.getargspec() is deprecated since Python 3.0, use inspect.signature() or inspect.getfullargspec()
  return _inspect.getargspec(target)
/home/keavery/anaconda3/envs/venv/lib/python3.6/site-packages/tensorflow/python/util/tf_inspect.py:75: DeprecationWarning: inspect.getargspec() is deprecated since Python 3.0, use inspect.signature() or inspect.getfullargspec()
  return _inspect.getargspec(target)
/home/keavery/anaconda3/envs/venv/lib/python3.6/site-packages/tensorflow/python/util/tf_inspect.py:75: DeprecationWarning: inspect.getargspec() is deprecated since Python 3.0, use inspect.signature() or inspect.getfullargspec()
  return _inspect.getargspec(target)
/home/keavery/anaconda3/envs/venv/lib/python3.6/site-packages/tensorflow/python/util/tf_inspect.py:75: DeprecationWarning: inspect.getargspec() is deprecated since Python 3.0, use inspect.signature() or inspect.getfullargspec()
  return _inspect.getargspec(target)
/home/keavery/anaconda3/envs/venv/lib/python3.6/site-packages/tensorflow/python/util/tf_inspect.py:75: DeprecationWarning: inspect.getargspec() is deprecated since Python 3.0, use inspect.signature() or inspect.getfullargspec()
  return _inspect.getargspec(target)
/home/keavery/anaconda3/envs/venv/lib/python3.6/site-packages/tensorflow/python/util/tf_inspect.py:75: DeprecationWarning: inspect.getargspec() is deprecated since Python 3.0, use inspect.signature() or inspect.getfullargspec()
  return _inspect.getargspec(target)
/home/keavery/anaconda3/envs/venv/lib/python3.6/site-packages/tensorflow/python/util/tf_inspect.py:75: DeprecationWarning: inspect.getargspec() is deprecated since Python 3.0, use inspect.signature() or inspect.getfullargspec()
  return _inspect.getargspec(target)
/home/keavery/anaconda3/envs/venv/lib/python3.6/site-packages/tensorflow/python/util/tf_inspect.py:75: DeprecationWarning: inspect.getargspec() is deprecated since Python 3.0, use inspect.signature() or inspect.getfullargspec()
  return _inspect.getargspec(target)
/home/keavery/anaconda3/envs/venv/lib/python3.6/site-packages/tensorflow/python/util/tf_inspect.py:75: DeprecationWarning: inspect.getargspec() is deprecated since Python 3.0, use inspect.signature() or inspect.getfullargspec()
  return _inspect.getargspec(target)
/home/keavery/anaconda3/envs/venv/lib/python3.6/site-packages/tensorflow/python/util/tf_inspect.py:75: DeprecationWarning: inspect.getargspec() is deprecated since Python 3.0, use inspect.signature() or inspect.getfullargspec()
  return _inspect.getargspec(target)
/home/keavery/anaconda3/envs/venv/lib/python3.6/site-packages/tensorflow/python/util/tf_inspect.py:75: DeprecationWarning: inspect.getargspec() is deprecated since Python 3.0, use inspect.signature() or inspect.getfullargspec()
  return _inspect.getargspec(target)
/home/keavery/anaconda3/envs/venv/lib/python3.6/site-packages/tensorflow/python/util/tf_inspect.py:75: DeprecationWarning: inspect.getargspec() is deprecated since Python 3.0, use inspect.signature() or inspect.getfullargspec()
  return _inspect.getargspec(target)
/home/keavery/anaconda3/envs/venv/lib/python3.6/site-packages/tensorflow/python/util/tf_inspect.py:75: DeprecationWarning: inspect.getargspec() is deprecated since Python 3.0, use inspect.signature() or inspect.getfullargspec()
  return _inspect.getargspec(target)
/home/keavery/anaconda3/envs/venv/lib/python3.6/site-packages/tensorflow/python/util/tf_inspect.py:75: DeprecationWarning: inspect.getargspec() is deprecated since Python 3.0, use inspect.signature() or inspect.getfullargspec()
  return _inspect.getargspec(target)
/home/keavery/anaconda3/envs/venv/lib/python3.6/site-packages/tensorflow/python/util/tf_inspect.py:75: DeprecationWarning: inspect.getargspec() is deprecated since Python 3.0, use inspect.signature() or inspect.getfullargspec()
  return _inspect.getargspec(target)
/home/keavery/anaconda3/envs/venv/lib/python3.6/site-packages/tensorflow/python/util/tf_inspect.py:75: DeprecationWarning: inspect.getargspec() is deprecated since Python 3.0, use inspect.signature() or inspect.getfullargspec()
  return _inspect.getargspec(target)
/home/keavery/anaconda3/envs/venv/lib/python3.6/site-packages/tensorflow/python/util/tf_inspect.py:75: DeprecationWarning: inspect.getargspec() is deprecated since Python 3.0, use inspect.signature() or inspect.getfullargspec()
  return _inspect.getargspec(target)
/home/keavery/anaconda3/envs/venv/lib/python3.6/site-packages/tensorflow/python/util/tf_inspect.py:75: DeprecationWarning: inspect.getargspec() is deprecated since Python 3.0, use inspect.signature() or inspect.getfullargspec()
  return _inspect.getargspec(target)
/home/keavery/anaconda3/envs/venv/lib/python3.6/site-packages/tensorflow/python/util/tf_inspect.py:75: DeprecationWarning: inspect.getargspec() is deprecated since Python 3.0, use inspect.signature() or inspect.getfullargspec()
  return _inspect.getargspec(target)
/home/keavery/anaconda3/envs/venv/lib/python3.6/site-packages/tensorflow/python/util/tf_inspect.py:75: DeprecationWarning: inspect.getargspec() is deprecated since Python 3.0, use inspect.signature() or inspect.getfullargspec()
  return _inspect.getargspec(target)
/home/keavery/anaconda3/envs/venv/lib/python3.6/site-packages/tensorflow/python/util/tf_inspect.py:75: DeprecationWarning: inspect.getargspec() is deprecated since Python 3.0, use inspect.signature() or inspect.getfullargspec()
  return _inspect.getargspec(target)
/home/keavery/anaconda3/envs/venv/lib/python3.6/site-packages/tensorflow/python/util/tf_inspect.py:75: DeprecationWarning: inspect.getargspec() is deprecated since Python 3.0, use inspect.signature() or inspect.getfullargspec()
  return _inspect.getargspec(target)
/home/keavery/anaconda3/envs/venv/lib/python3.6/site-packages/tensorflow/python/util/tf_inspect.py:75: DeprecationWarning: inspect.getargspec() is deprecated since Python 3.0, use inspect.signature() or inspect.getfullargspec()
  return _inspect.getargspec(target)
/home/keavery/anaconda3/envs/venv/lib/python3.6/site-packages/tensorflow/python/util/tf_inspect.py:75: DeprecationWarning: inspect.getargspec() is deprecated since Python 3.0, use inspect.signature() or inspect.getfullargspec()
  return _inspect.getargspec(target)
/home/keavery/anaconda3/envs/venv/lib/python3.6/site-packages/tensorflow/python/util/tf_inspect.py:75: DeprecationWarning: inspect.getargspec() is deprecated since Python 3.0, use inspect.signature() or inspect.getfullargspec()
  return _inspect.getargspec(target)
/home/keavery/anaconda3/envs/venv/lib/python3.6/site-packages/tensorflow/python/util/tf_inspect.py:75: DeprecationWarning: inspect.getargspec() is deprecated since Python 3.0, use inspect.signature() or inspect.getfullargspec()
  return _inspect.getargspec(target)
/home/keavery/anaconda3/envs/venv/lib/python3.6/site-packages/tensorflow/python/util/tf_inspect.py:75: DeprecationWarning: inspect.getargspec() is deprecated since Python 3.0, use inspect.signature() or inspect.getfullargspec()
  return _inspect.getargspec(target)
/home/keavery/anaconda3/envs/venv/lib/python3.6/site-packages/tensorflow/python/util/tf_inspect.py:75: DeprecationWarning: inspect.getargspec() is deprecated since Python 3.0, use inspect.signature() or inspect.getfullargspec()
  return _inspect.getargspec(target)
/home/keavery/anaconda3/envs/venv/lib/python3.6/site-packages/tensorflow/python/util/tf_inspect.py:75: DeprecationWarning: inspect.getargspec() is deprecated since Python 3.0, use inspect.signature() or inspect.getfullargspec()
  return _inspect.getargspec(target)
/home/keavery/anaconda3/envs/venv/lib/python3.6/site-packages/tensorflow/python/util/tf_inspect.py:75: DeprecationWarning: inspect.getargspec() is deprecated since Python 3.0, use inspect.signature() or inspect.getfullargspec()
  return _inspect.getargspec(target)
/home/keavery/anaconda3/envs/venv/lib/python3.6/site-packages/tensorflow/python/util/tf_inspect.py:75: DeprecationWarning: inspect.getargspec() is deprecated since Python 3.0, use inspect.signature() or inspect.getfullargspec()
  return _inspect.getargspec(target)
/home/keavery/anaconda3/envs/venv/lib/python3.6/site-packages/tensorflow/python/util/tf_inspect.py:75: DeprecationWarning: inspect.getargspec() is deprecated since Python 3.0, use inspect.signature() or inspect.getfullargspec()
  return _inspect.getargspec(target)
/home/keavery/anaconda3/envs/venv/lib/python3.6/site-packages/tensorflow/python/util/tf_inspect.py:75: DeprecationWarning: inspect.getargspec() is deprecated since Python 3.0, use inspect.signature() or inspect.getfullargspec()
  return _inspect.getargspec(target)
/home/keavery/anaconda3/envs/venv/lib/python3.6/site-packages/tensorflow/python/util/tf_inspect.py:75: DeprecationWarning: inspect.getargspec() is deprecated since Python 3.0, use inspect.signature() or inspect.getfullargspec()
  return _inspect.getargspec(target)
/home/keavery/anaconda3/envs/venv/lib/python3.6/site-packages/tensorflow/python/util/tf_inspect.py:75: DeprecationWarning: inspect.getargspec() is deprecated since Python 3.0, use inspect.signature() or inspect.getfullargspec()
  return _inspect.getargspec(target)
/home/keavery/anaconda3/envs/venv/lib/python3.6/site-packages/tensorflow/python/util/tf_inspect.py:75: DeprecationWarning: inspect.getargspec() is deprecated since Python 3.0, use inspect.signature() or inspect.getfullargspec()
  return _inspect.getargspec(target)
/home/keavery/anaconda3/envs/venv/lib/python3.6/site-packages/tensorflow/python/util/tf_inspect.py:75: DeprecationWarning: inspect.getargspec() is deprecated since Python 3.0, use inspect.signature() or inspect.getfullargspec()
  return _inspect.getargspec(target)
/home/keavery/anaconda3/envs/venv/lib/python3.6/site-packages/tensorflow/python/util/tf_inspect.py:75: DeprecationWarning: inspect.getargspec() is deprecated since Python 3.0, use inspect.signature() or inspect.getfullargspec()
  return _inspect.getargspec(target)
/home/keavery/anaconda3/envs/venv/lib/python3.6/site-packages/tensorflow/python/util/tf_inspect.py:75: DeprecationWarning: inspect.getargspec() is deprecated since Python 3.0, use inspect.signature() or inspect.getfullargspec()
  return _inspect.getargspec(target)
/home/keavery/anaconda3/envs/venv/lib/python3.6/site-packages/tensorflow/python/util/tf_inspect.py:75: DeprecationWarning: inspect.getargspec() is deprecated since Python 3.0, use inspect.signature() or inspect.getfullargspec()
  return _inspect.getargspec(target)
/home/keavery/anaconda3/envs/venv/lib/python3.6/site-packages/tensorflow/python/util/tf_inspect.py:75: DeprecationWarning: inspect.getargspec() is deprecated since Python 3.0, use inspect.signature() or inspect.getfullargspec()
  return _inspect.getargspec(target)
/home/keavery/anaconda3/envs/venv/lib/python3.6/site-packages/tensorflow/python/util/tf_inspect.py:75: DeprecationWarning: inspect.getargspec() is deprecated since Python 3.0, use inspect.signature() or inspect.getfullargspec()
  return _inspect.getargspec(target)
/home/keavery/anaconda3/envs/venv/lib/python3.6/site-packages/tensorflow/python/util/tf_inspect.py:75: DeprecationWarning: inspect.getargspec() is deprecated since Python 3.0, use inspect.signature() or inspect.getfullargspec()
  return _inspect.getargspec(target)
/home/keavery/anaconda3/envs/venv/lib/python3.6/site-packages/tensorflow/python/util/tf_inspect.py:75: DeprecationWarning: inspect.getargspec() is deprecated since Python 3.0, use inspect.signature() or inspect.getfullargspec()
  return _inspect.getargspec(target)
/home/keavery/anaconda3/envs/venv/lib/python3.6/site-packages/tensorflow/python/util/tf_inspect.py:75: DeprecationWarning: inspect.getargspec() is deprecated since Python 3.0, use inspect.signature() or inspect.getfullargspec()
  return _inspect.getargspec(target)
/home/keavery/anaconda3/envs/venv/lib/python3.6/site-packages/tensorflow/python/util/tf_inspect.py:75: DeprecationWarning: inspect.getargspec() is deprecated since Python 3.0, use inspect.signature() or inspect.getfullargspec()
  return _inspect.getargspec(target)
/home/keavery/anaconda3/envs/venv/lib/python3.6/site-packages/tensorflow/python/util/tf_inspect.py:75: DeprecationWarning: inspect.getargspec() is deprecated since Python 3.0, use inspect.signature() or inspect.getfullargspec()
  return _inspect.getargspec(target)
/home/keavery/anaconda3/envs/venv/lib/python3.6/site-packages/tensorflow/python/util/tf_inspect.py:75: DeprecationWarning: inspect.getargspec() is deprecated since Python 3.0, use inspect.signature() or inspect.getfullargspec()
  return _inspect.getargspec(target)
/home/keavery/anaconda3/envs/venv/lib/python3.6/site-packages/tensorflow/python/util/tf_inspect.py:75: DeprecationWarning: inspect.getargspec() is deprecated since Python 3.0, use inspect.signature() or inspect.getfullargspec()
  return _inspect.getargspec(target)
/home/keavery/anaconda3/envs/venv/lib/python3.6/site-packages/tensorflow/python/util/tf_inspect.py:75: DeprecationWarning: inspect.getargspec() is deprecated since Python 3.0, use inspect.signature() or inspect.getfullargspec()
  return _inspect.getargspec(target)
/home/keavery/anaconda3/envs/venv/lib/python3.6/site-packages/tensorflow/python/util/tf_inspect.py:75: DeprecationWarning: inspect.getargspec() is deprecated since Python 3.0, use inspect.signature() or inspect.getfullargspec()
  return _inspect.getargspec(target)
/home/keavery/anaconda3/envs/venv/lib/python3.6/site-packages/tensorflow/python/util/tf_inspect.py:75: DeprecationWarning: inspect.getargspec() is deprecated since Python 3.0, use inspect.signature() or inspect.getfullargspec()
  return _inspect.getargspec(target)
/home/keavery/anaconda3/envs/venv/lib/python3.6/site-packages/tensorflow/python/util/tf_inspect.py:75: DeprecationWarning: inspect.getargspec() is deprecated since Python 3.0, use inspect.signature() or inspect.getfullargspec()
  return _inspect.getargspec(target)
/home/keavery/anaconda3/envs/venv/lib/python3.6/site-packages/tensorflow/python/util/tf_inspect.py:75: DeprecationWarning: inspect.getargspec() is deprecated since Python 3.0, use inspect.signature() or inspect.getfullargspec()
  return _inspect.getargspec(target)
/home/keavery/anaconda3/envs/venv/lib/python3.6/site-packages/tensorflow/python/util/tf_inspect.py:75: DeprecationWarning: inspect.getargspec() is deprecated since Python 3.0, use inspect.signature() or inspect.getfullargspec()
  return _inspect.getargspec(target)
/home/keavery/anaconda3/envs/venv/lib/python3.6/site-packages/tensorflow/python/util/tf_inspect.py:75: DeprecationWarning: inspect.getargspec() is deprecated since Python 3.0, use inspect.signature() or inspect.getfullargspec()
  return _inspect.getargspec(target)
/home/keavery/anaconda3/envs/venv/lib/python3.6/site-packages/tensorflow/python/util/tf_inspect.py:75: DeprecationWarning: inspect.getargspec() is deprecated since Python 3.0, use inspect.signature() or inspect.getfullargspec()
  return _inspect.getargspec(target)
/home/keavery/anaconda3/envs/venv/lib/python3.6/site-packages/tensorflow/python/util/tf_inspect.py:75: DeprecationWarning: inspect.getargspec() is deprecated since Python 3.0, use inspect.signature() or inspect.getfullargspec()
  return _inspect.getargspec(target)
/home/keavery/anaconda3/envs/venv/lib/python3.6/site-packages/tensorflow/python/util/tf_inspect.py:75: DeprecationWarning: inspect.getargspec() is deprecated since Python 3.0, use inspect.signature() or inspect.getfullargspec()
  return _inspect.getargspec(target)
/home/keavery/anaconda3/envs/venv/lib/python3.6/site-packages/tensorflow/python/util/tf_inspect.py:75: DeprecationWarning: inspect.getargspec() is deprecated since Python 3.0, use inspect.signature() or inspect.getfullargspec()
  return _inspect.getargspec(target)
/home/keavery/anaconda3/envs/venv/lib/python3.6/site-packages/tensorflow/python/util/tf_inspect.py:75: DeprecationWarning: inspect.getargspec() is deprecated since Python 3.0, use inspect.signature() or inspect.getfullargspec()
  return _inspect.getargspec(target)
/home/keavery/anaconda3/envs/venv/lib/python3.6/site-packages/tensorflow/python/util/tf_inspect.py:75: DeprecationWarning: inspect.getargspec() is deprecated since Python 3.0, use inspect.signature() or inspect.getfullargspec()
  return _inspect.getargspec(target)
/home/keavery/anaconda3/envs/venv/lib/python3.6/site-packages/tensorflow/python/util/tf_inspect.py:75: DeprecationWarning: inspect.getargspec() is deprecated since Python 3.0, use inspect.signature() or inspect.getfullargspec()
  return _inspect.getargspec(target)
/home/keavery/anaconda3/envs/venv/lib/python3.6/site-packages/tensorflow/python/util/tf_inspect.py:75: DeprecationWarning: inspect.getargspec() is deprecated since Python 3.0, use inspect.signature() or inspect.getfullargspec()
  return _inspect.getargspec(target)
/home/keavery/anaconda3/envs/venv/lib/python3.6/site-packages/tensorflow/python/util/tf_inspect.py:75: DeprecationWarning: inspect.getargspec() is deprecated since Python 3.0, use inspect.signature() or inspect.getfullargspec()
  return _inspect.getargspec(target)
/home/keavery/anaconda3/envs/venv/lib/python3.6/site-packages/tensorflow/python/util/tf_inspect.py:75: DeprecationWarning: inspect.getargspec() is deprecated since Python 3.0, use inspect.signature() or inspect.getfullargspec()
  return _inspect.getargspec(target)
/home/keavery/anaconda3/envs/venv/lib/python3.6/site-packages/tensorflow/python/util/tf_inspect.py:75: DeprecationWarning: inspect.getargspec() is deprecated since Python 3.0, use inspect.signature() or inspect.getfullargspec()
  return _inspect.getargspec(target)
/home/keavery/anaconda3/envs/venv/lib/python3.6/site-packages/tensorflow/python/util/tf_inspect.py:75: DeprecationWarning: inspect.getargspec() is deprecated since Python 3.0, use inspect.signature() or inspect.getfullargspec()
  return _inspect.getargspec(target)
/home/keavery/anaconda3/envs/venv/lib/python3.6/site-packages/tensorflow/python/util/tf_inspect.py:75: DeprecationWarning: inspect.getargspec() is deprecated since Python 3.0, use inspect.signature() or inspect.getfullargspec()
  return _inspect.getargspec(target)
/home/keavery/anaconda3/envs/venv/lib/python3.6/site-packages/tensorflow/python/util/tf_inspect.py:75: DeprecationWarning: inspect.getargspec() is deprecated since Python 3.0, use inspect.signature() or inspect.getfullargspec()
  return _inspect.getargspec(target)
/home/keavery/anaconda3/envs/venv/lib/python3.6/site-packages/tensorflow/python/util/tf_inspect.py:75: DeprecationWarning: inspect.getargspec() is deprecated since Python 3.0, use inspect.signature() or inspect.getfullargspec()
  return _inspect.getargspec(target)
/home/keavery/anaconda3/envs/venv/lib/python3.6/site-packages/tensorflow/python/util/tf_inspect.py:75: DeprecationWarning: inspect.getargspec() is deprecated since Python 3.0, use inspect.signature() or inspect.getfullargspec()
  return _inspect.getargspec(target)
/home/keavery/anaconda3/envs/venv/lib/python3.6/site-packages/tensorflow/python/util/tf_inspect.py:75: DeprecationWarning: inspect.getargspec() is deprecated since Python 3.0, use inspect.signature() or inspect.getfullargspec()
  return _inspect.getargspec(target)
/home/keavery/anaconda3/envs/venv/lib/python3.6/site-packages/tensorflow/python/util/tf_inspect.py:75: DeprecationWarning: inspect.getargspec() is deprecated since Python 3.0, use inspect.signature() or inspect.getfullargspec()
  return _inspect.getargspec(target)
/home/keavery/anaconda3/envs/venv/lib/python3.6/site-packages/tensorflow/python/util/tf_inspect.py:75: DeprecationWarning: inspect.getargspec() is deprecated since Python 3.0, use inspect.signature() or inspect.getfullargspec()
  return _inspect.getargspec(target)
/home/keavery/anaconda3/envs/venv/lib/python3.6/site-packages/tensorflow/python/util/tf_inspect.py:75: DeprecationWarning: inspect.getargspec() is deprecated since Python 3.0, use inspect.signature() or inspect.getfullargspec()
  return _inspect.getargspec(target)
/home/keavery/anaconda3/envs/venv/lib/python3.6/site-packages/tensorflow/python/util/tf_inspect.py:75: DeprecationWarning: inspect.getargspec() is deprecated since Python 3.0, use inspect.signature() or inspect.getfullargspec()
  return _inspect.getargspec(target)
/home/keavery/anaconda3/envs/venv/lib/python3.6/site-packages/tensorflow/python/util/tf_inspect.py:75: DeprecationWarning: inspect.getargspec() is deprecated since Python 3.0, use inspect.signature() or inspect.getfullargspec()
  return _inspect.getargspec(target)
/home/keavery/anaconda3/envs/venv/lib/python3.6/site-packages/tensorflow/python/util/tf_inspect.py:75: DeprecationWarning: inspect.getargspec() is deprecated since Python 3.0, use inspect.signature() or inspect.getfullargspec()
  return _inspect.getargspec(target)
/home/keavery/anaconda3/envs/venv/lib/python3.6/site-packages/tensorflow/python/util/tf_inspect.py:75: DeprecationWarning: inspect.getargspec() is deprecated since Python 3.0, use inspect.signature() or inspect.getfullargspec()
  return _inspect.getargspec(target)
Traceback (most recent call last):
  File "/condo/swatwork/keavery/masters_thesis/gitRepos/BirdRoostLocation/BirdRoostLocation/BuildModels/ShallowCNN/train.py", line 295, in <module>
    main(results)
  File "/condo/swatwork/keavery/masters_thesis/gitRepos/BirdRoostLocation/BirdRoostLocation/BuildModels/ShallowCNN/train.py", line 177, in main
    num_temporal_data=results.num_temporal_data)
  File "/condo/swatwork/keavery/masters_thesis/gitRepos/BirdRoostLocation/BirdRoostLocation/BuildModels/ShallowCNN/train.py", line 107, in train
    num_temporal_data=num_temporal_data)
  File "/condo/swatwork/keavery/masters_thesis/gitRepos/BirdRoostLocation/BirdRoostLocation/ReadData/BatchGenerator.py", line 328, in get_batch
    truth_shape[0]*truth_shape[1], truth_shape[2])
IndexError: tuple index out of range
