2019-05-05 12:25:45.749410: I tensorflow/core/platform/cpu_feature_guard.cc:141] Your CPU supports instructions that this TensorFlow binary was not compiled to use: SSE4.1 SSE4.2 AVX AVX2 FMA
2019-05-05 12:25:45.757540: I tensorflow/core/common_runtime/process_util.cc:69] Creating new thread pool with default inter op setting: 2. Tune using inter_op_parallelism_threads for best performance.
Using TensorFlow backend.
/home/keavery/anaconda3/envs/venv/lib/python3.6/site-packages/numpy/lib/type_check.py:546: DeprecationWarning: np.asscalar(a) is deprecated since NumPy v1.16, use a.item() instead
  'a.item() instead', DeprecationWarning, stacklevel=1)
/home/keavery/anaconda3/envs/venv/lib/python3.6/site-packages/tensorflow/python/util/tf_inspect.py:75: DeprecationWarning: inspect.getargspec() is deprecated since Python 3.0, use inspect.signature() or inspect.getfullargspec()
  return _inspect.getargspec(target)
/home/keavery/anaconda3/envs/venv/lib/python3.6/site-packages/tensorflow/python/util/tf_inspect.py:75: DeprecationWarning: inspect.getargspec() is deprecated since Python 3.0, use inspect.signature() or inspect.getfullargspec()
  return _inspect.getargspec(target)
/home/keavery/anaconda3/envs/venv/lib/python3.6/site-packages/tensorflow/python/util/tf_inspect.py:75: DeprecationWarning: inspect.getargspec() is deprecated since Python 3.0, use inspect.signature() or inspect.getfullargspec()
  return _inspect.getargspec(target)
/home/keavery/anaconda3/envs/venv/lib/python3.6/site-packages/tensorflow/python/util/tf_inspect.py:75: DeprecationWarning: inspect.getargspec() is deprecated since Python 3.0, use inspect.signature() or inspect.getfullargspec()
  return _inspect.getargspec(target)
/home/keavery/anaconda3/envs/venv/lib/python3.6/site-packages/tensorflow/python/util/tf_inspect.py:75: DeprecationWarning: inspect.getargspec() is deprecated since Python 3.0, use inspect.signature() or inspect.getfullargspec()
  return _inspect.getargspec(target)
/home/keavery/anaconda3/envs/venv/lib/python3.6/site-packages/tensorflow/python/util/tf_inspect.py:75: DeprecationWarning: inspect.getargspec() is deprecated since Python 3.0, use inspect.signature() or inspect.getfullargspec()
  return _inspect.getargspec(target)
/home/keavery/anaconda3/envs/venv/lib/python3.6/site-packages/tensorflow/python/util/tf_inspect.py:75: DeprecationWarning: inspect.getargspec() is deprecated since Python 3.0, use inspect.signature() or inspect.getfullargspec()
  return _inspect.getargspec(target)
/home/keavery/anaconda3/envs/venv/lib/python3.6/site-packages/tensorflow/python/util/tf_inspect.py:75: DeprecationWarning: inspect.getargspec() is deprecated since Python 3.0, use inspect.signature() or inspect.getfullargspec()
  return _inspect.getargspec(target)
/home/keavery/anaconda3/envs/venv/lib/python3.6/site-packages/tensorflow/python/util/tf_inspect.py:75: DeprecationWarning: inspect.getargspec() is deprecated since Python 3.0, use inspect.signature() or inspect.getfullargspec()
  return _inspect.getargspec(target)
/home/keavery/anaconda3/envs/venv/lib/python3.6/site-packages/tensorflow/python/util/tf_inspect.py:75: DeprecationWarning: inspect.getargspec() is deprecated since Python 3.0, use inspect.signature() or inspect.getfullargspec()
  return _inspect.getargspec(target)
/home/keavery/anaconda3/envs/venv/lib/python3.6/site-packages/tensorflow/python/util/tf_inspect.py:75: DeprecationWarning: inspect.getargspec() is deprecated since Python 3.0, use inspect.signature() or inspect.getfullargspec()
  return _inspect.getargspec(target)
/home/keavery/anaconda3/envs/venv/lib/python3.6/site-packages/tensorflow/python/util/tf_inspect.py:75: DeprecationWarning: inspect.getargspec() is deprecated since Python 3.0, use inspect.signature() or inspect.getfullargspec()
  return _inspect.getargspec(target)
/home/keavery/anaconda3/envs/venv/lib/python3.6/site-packages/tensorflow/python/util/tf_inspect.py:75: DeprecationWarning: inspect.getargspec() is deprecated since Python 3.0, use inspect.signature() or inspect.getfullargspec()
  return _inspect.getargspec(target)
/home/keavery/anaconda3/envs/venv/lib/python3.6/site-packages/tensorflow/python/util/tf_inspect.py:75: DeprecationWarning: inspect.getargspec() is deprecated since Python 3.0, use inspect.signature() or inspect.getfullargspec()
  return _inspect.getargspec(target)
/home/keavery/anaconda3/envs/venv/lib/python3.6/site-packages/tensorflow/python/util/tf_inspect.py:75: DeprecationWarning: inspect.getargspec() is deprecated since Python 3.0, use inspect.signature() or inspect.getfullargspec()
  return _inspect.getargspec(target)
/home/keavery/anaconda3/envs/venv/lib/python3.6/site-packages/tensorflow/python/util/tf_inspect.py:75: DeprecationWarning: inspect.getargspec() is deprecated since Python 3.0, use inspect.signature() or inspect.getfullargspec()
  return _inspect.getargspec(target)
/home/keavery/anaconda3/envs/venv/lib/python3.6/site-packages/tensorflow/python/util/tf_inspect.py:75: DeprecationWarning: inspect.getargspec() is deprecated since Python 3.0, use inspect.signature() or inspect.getfullargspec()
  return _inspect.getargspec(target)
/home/keavery/anaconda3/envs/venv/lib/python3.6/site-packages/tensorflow/python/util/tf_inspect.py:75: DeprecationWarning: inspect.getargspec() is deprecated since Python 3.0, use inspect.signature() or inspect.getfullargspec()
  return _inspect.getargspec(target)
/home/keavery/anaconda3/envs/venv/lib/python3.6/site-packages/tensorflow/python/util/tf_inspect.py:75: DeprecationWarning: inspect.getargspec() is deprecated since Python 3.0, use inspect.signature() or inspect.getfullargspec()
  return _inspect.getargspec(target)
/home/keavery/anaconda3/envs/venv/lib/python3.6/site-packages/tensorflow/python/util/tf_inspect.py:75: DeprecationWarning: inspect.getargspec() is deprecated since Python 3.0, use inspect.signature() or inspect.getfullargspec()
  return _inspect.getargspec(target)
/home/keavery/anaconda3/envs/venv/lib/python3.6/site-packages/tensorflow/python/util/tf_inspect.py:75: DeprecationWarning: inspect.getargspec() is deprecated since Python 3.0, use inspect.signature() or inspect.getfullargspec()
  return _inspect.getargspec(target)
/home/keavery/anaconda3/envs/venv/lib/python3.6/site-packages/tensorflow/python/util/tf_inspect.py:75: DeprecationWarning: inspect.getargspec() is deprecated since Python 3.0, use inspect.signature() or inspect.getfullargspec()
  return _inspect.getargspec(target)
/home/keavery/anaconda3/envs/venv/lib/python3.6/site-packages/tensorflow/python/util/tf_inspect.py:75: DeprecationWarning: inspect.getargspec() is deprecated since Python 3.0, use inspect.signature() or inspect.getfullargspec()
  return _inspect.getargspec(target)
/home/keavery/anaconda3/envs/venv/lib/python3.6/site-packages/tensorflow/python/util/tf_inspect.py:75: DeprecationWarning: inspect.getargspec() is deprecated since Python 3.0, use inspect.signature() or inspect.getfullargspec()
  return _inspect.getargspec(target)
/home/keavery/anaconda3/envs/venv/lib/python3.6/site-packages/tensorflow/python/util/tf_inspect.py:75: DeprecationWarning: inspect.getargspec() is deprecated since Python 3.0, use inspect.signature() or inspect.getfullargspec()
  return _inspect.getargspec(target)
/home/keavery/anaconda3/envs/venv/lib/python3.6/site-packages/tensorflow/python/util/tf_inspect.py:75: DeprecationWarning: inspect.getargspec() is deprecated since Python 3.0, use inspect.signature() or inspect.getfullargspec()
  return _inspect.getargspec(target)
/home/keavery/anaconda3/envs/venv/lib/python3.6/site-packages/tensorflow/python/util/tf_inspect.py:75: DeprecationWarning: inspect.getargspec() is deprecated since Python 3.0, use inspect.signature() or inspect.getfullargspec()
  return _inspect.getargspec(target)
/home/keavery/anaconda3/envs/venv/lib/python3.6/site-packages/tensorflow/python/util/tf_inspect.py:75: DeprecationWarning: inspect.getargspec() is deprecated since Python 3.0, use inspect.signature() or inspect.getfullargspec()
  return _inspect.getargspec(target)
/home/keavery/anaconda3/envs/venv/lib/python3.6/site-packages/tensorflow/python/util/tf_inspect.py:75: DeprecationWarning: inspect.getargspec() is deprecated since Python 3.0, use inspect.signature() or inspect.getfullargspec()
  return _inspect.getargspec(target)
/home/keavery/anaconda3/envs/venv/lib/python3.6/site-packages/tensorflow/python/util/tf_inspect.py:75: DeprecationWarning: inspect.getargspec() is deprecated since Python 3.0, use inspect.signature() or inspect.getfullargspec()
  return _inspect.getargspec(target)
/home/keavery/anaconda3/envs/venv/lib/python3.6/site-packages/tensorflow/python/util/tf_inspect.py:75: DeprecationWarning: inspect.getargspec() is deprecated since Python 3.0, use inspect.signature() or inspect.getfullargspec()
  return _inspect.getargspec(target)
/home/keavery/anaconda3/envs/venv/lib/python3.6/site-packages/tensorflow/python/util/tf_inspect.py:75: DeprecationWarning: inspect.getargspec() is deprecated since Python 3.0, use inspect.signature() or inspect.getfullargspec()
  return _inspect.getargspec(target)
/home/keavery/anaconda3/envs/venv/lib/python3.6/site-packages/tensorflow/python/util/tf_inspect.py:75: DeprecationWarning: inspect.getargspec() is deprecated since Python 3.0, use inspect.signature() or inspect.getfullargspec()
  return _inspect.getargspec(target)
/home/keavery/anaconda3/envs/venv/lib/python3.6/site-packages/tensorflow/python/util/tf_inspect.py:75: DeprecationWarning: inspect.getargspec() is deprecated since Python 3.0, use inspect.signature() or inspect.getfullargspec()
  return _inspect.getargspec(target)
/home/keavery/anaconda3/envs/venv/lib/python3.6/site-packages/tensorflow/python/util/tf_inspect.py:75: DeprecationWarning: inspect.getargspec() is deprecated since Python 3.0, use inspect.signature() or inspect.getfullargspec()
  return _inspect.getargspec(target)
/home/keavery/anaconda3/envs/venv/lib/python3.6/site-packages/tensorflow/python/util/tf_inspect.py:75: DeprecationWarning: inspect.getargspec() is deprecated since Python 3.0, use inspect.signature() or inspect.getfullargspec()
  return _inspect.getargspec(target)
/home/keavery/anaconda3/envs/venv/lib/python3.6/site-packages/tensorflow/python/util/tf_inspect.py:75: DeprecationWarning: inspect.getargspec() is deprecated since Python 3.0, use inspect.signature() or inspect.getfullargspec()
  return _inspect.getargspec(target)
/home/keavery/anaconda3/envs/venv/lib/python3.6/site-packages/tensorflow/python/util/tf_inspect.py:75: DeprecationWarning: inspect.getargspec() is deprecated since Python 3.0, use inspect.signature() or inspect.getfullargspec()
  return _inspect.getargspec(target)
/home/keavery/anaconda3/envs/venv/lib/python3.6/site-packages/tensorflow/python/util/tf_inspect.py:75: DeprecationWarning: inspect.getargspec() is deprecated since Python 3.0, use inspect.signature() or inspect.getfullargspec()
  return _inspect.getargspec(target)
/home/keavery/anaconda3/envs/venv/lib/python3.6/site-packages/tensorflow/python/util/tf_inspect.py:75: DeprecationWarning: inspect.getargspec() is deprecated since Python 3.0, use inspect.signature() or inspect.getfullargspec()
  return _inspect.getargspec(target)
/home/keavery/anaconda3/envs/venv/lib/python3.6/site-packages/tensorflow/python/util/tf_inspect.py:75: DeprecationWarning: inspect.getargspec() is deprecated since Python 3.0, use inspect.signature() or inspect.getfullargspec()
  return _inspect.getargspec(target)
/home/keavery/anaconda3/envs/venv/lib/python3.6/site-packages/tensorflow/python/util/tf_inspect.py:75: DeprecationWarning: inspect.getargspec() is deprecated since Python 3.0, use inspect.signature() or inspect.getfullargspec()
  return _inspect.getargspec(target)
/home/keavery/anaconda3/envs/venv/lib/python3.6/site-packages/tensorflow/python/util/tf_inspect.py:75: DeprecationWarning: inspect.getargspec() is deprecated since Python 3.0, use inspect.signature() or inspect.getfullargspec()
  return _inspect.getargspec(target)
/home/keavery/anaconda3/envs/venv/lib/python3.6/site-packages/tensorflow/python/util/tf_inspect.py:75: DeprecationWarning: inspect.getargspec() is deprecated since Python 3.0, use inspect.signature() or inspect.getfullargspec()
  return _inspect.getargspec(target)
/home/keavery/anaconda3/envs/venv/lib/python3.6/site-packages/tensorflow/python/util/tf_inspect.py:75: DeprecationWarning: inspect.getargspec() is deprecated since Python 3.0, use inspect.signature() or inspect.getfullargspec()
  return _inspect.getargspec(target)
/home/keavery/anaconda3/envs/venv/lib/python3.6/site-packages/tensorflow/python/util/tf_inspect.py:75: DeprecationWarning: inspect.getargspec() is deprecated since Python 3.0, use inspect.signature() or inspect.getfullargspec()
  return _inspect.getargspec(target)
/home/keavery/anaconda3/envs/venv/lib/python3.6/site-packages/tensorflow/python/util/tf_inspect.py:75: DeprecationWarning: inspect.getargspec() is deprecated since Python 3.0, use inspect.signature() or inspect.getfullargspec()
  return _inspect.getargspec(target)
/home/keavery/anaconda3/envs/venv/lib/python3.6/site-packages/tensorflow/python/util/tf_inspect.py:75: DeprecationWarning: inspect.getargspec() is deprecated since Python 3.0, use inspect.signature() or inspect.getfullargspec()
  return _inspect.getargspec(target)
/home/keavery/anaconda3/envs/venv/lib/python3.6/site-packages/tensorflow/python/util/tf_inspect.py:75: DeprecationWarning: inspect.getargspec() is deprecated since Python 3.0, use inspect.signature() or inspect.getfullargspec()
  return _inspect.getargspec(target)
/home/keavery/anaconda3/envs/venv/lib/python3.6/site-packages/tensorflow/python/util/tf_inspect.py:75: DeprecationWarning: inspect.getargspec() is deprecated since Python 3.0, use inspect.signature() or inspect.getfullargspec()
  return _inspect.getargspec(target)
/home/keavery/anaconda3/envs/venv/lib/python3.6/site-packages/tensorflow/python/util/tf_inspect.py:75: DeprecationWarning: inspect.getargspec() is deprecated since Python 3.0, use inspect.signature() or inspect.getfullargspec()
  return _inspect.getargspec(target)
/home/keavery/anaconda3/envs/venv/lib/python3.6/site-packages/tensorflow/python/util/tf_inspect.py:75: DeprecationWarning: inspect.getargspec() is deprecated since Python 3.0, use inspect.signature() or inspect.getfullargspec()
  return _inspect.getargspec(target)
/home/keavery/anaconda3/envs/venv/lib/python3.6/site-packages/tensorflow/python/util/tf_inspect.py:75: DeprecationWarning: inspect.getargspec() is deprecated since Python 3.0, use inspect.signature() or inspect.getfullargspec()
  return _inspect.getargspec(target)
/home/keavery/anaconda3/envs/venv/lib/python3.6/site-packages/tensorflow/python/util/tf_inspect.py:75: DeprecationWarning: inspect.getargspec() is deprecated since Python 3.0, use inspect.signature() or inspect.getfullargspec()
  return _inspect.getargspec(target)
/home/keavery/anaconda3/envs/venv/lib/python3.6/site-packages/tensorflow/python/util/tf_inspect.py:75: DeprecationWarning: inspect.getargspec() is deprecated since Python 3.0, use inspect.signature() or inspect.getfullargspec()
  return _inspect.getargspec(target)
/home/keavery/anaconda3/envs/venv/lib/python3.6/site-packages/tensorflow/python/util/tf_inspect.py:75: DeprecationWarning: inspect.getargspec() is deprecated since Python 3.0, use inspect.signature() or inspect.getfullargspec()
  return _inspect.getargspec(target)
/home/keavery/anaconda3/envs/venv/lib/python3.6/site-packages/tensorflow/python/util/tf_inspect.py:75: DeprecationWarning: inspect.getargspec() is deprecated since Python 3.0, use inspect.signature() or inspect.getfullargspec()
  return _inspect.getargspec(target)
/home/keavery/anaconda3/envs/venv/lib/python3.6/site-packages/tensorflow/python/util/tf_inspect.py:75: DeprecationWarning: inspect.getargspec() is deprecated since Python 3.0, use inspect.signature() or inspect.getfullargspec()
  return _inspect.getargspec(target)
/home/keavery/anaconda3/envs/venv/lib/python3.6/site-packages/tensorflow/python/util/tf_inspect.py:75: DeprecationWarning: inspect.getargspec() is deprecated since Python 3.0, use inspect.signature() or inspect.getfullargspec()
  return _inspect.getargspec(target)
/home/keavery/anaconda3/envs/venv/lib/python3.6/site-packages/tensorflow/python/util/tf_inspect.py:75: DeprecationWarning: inspect.getargspec() is deprecated since Python 3.0, use inspect.signature() or inspect.getfullargspec()
  return _inspect.getargspec(target)
/home/keavery/anaconda3/envs/venv/lib/python3.6/site-packages/tensorflow/python/util/tf_inspect.py:75: DeprecationWarning: inspect.getargspec() is deprecated since Python 3.0, use inspect.signature() or inspect.getfullargspec()
  return _inspect.getargspec(target)
/home/keavery/anaconda3/envs/venv/lib/python3.6/site-packages/tensorflow/python/util/tf_inspect.py:75: DeprecationWarning: inspect.getargspec() is deprecated since Python 3.0, use inspect.signature() or inspect.getfullargspec()
  return _inspect.getargspec(target)
/home/keavery/anaconda3/envs/venv/lib/python3.6/site-packages/tensorflow/python/util/tf_inspect.py:75: DeprecationWarning: inspect.getargspec() is deprecated since Python 3.0, use inspect.signature() or inspect.getfullargspec()
  return _inspect.getargspec(target)
/home/keavery/anaconda3/envs/venv/lib/python3.6/site-packages/tensorflow/python/util/tf_inspect.py:75: DeprecationWarning: inspect.getargspec() is deprecated since Python 3.0, use inspect.signature() or inspect.getfullargspec()
  return _inspect.getargspec(target)
/home/keavery/anaconda3/envs/venv/lib/python3.6/site-packages/tensorflow/python/util/tf_inspect.py:75: DeprecationWarning: inspect.getargspec() is deprecated since Python 3.0, use inspect.signature() or inspect.getfullargspec()
  return _inspect.getargspec(target)
/home/keavery/anaconda3/envs/venv/lib/python3.6/site-packages/tensorflow/python/util/tf_inspect.py:75: DeprecationWarning: inspect.getargspec() is deprecated since Python 3.0, use inspect.signature() or inspect.getfullargspec()
  return _inspect.getargspec(target)
/home/keavery/anaconda3/envs/venv/lib/python3.6/site-packages/tensorflow/python/util/tf_inspect.py:75: DeprecationWarning: inspect.getargspec() is deprecated since Python 3.0, use inspect.signature() or inspect.getfullargspec()
  return _inspect.getargspec(target)
/home/keavery/anaconda3/envs/venv/lib/python3.6/site-packages/tensorflow/python/util/tf_inspect.py:75: DeprecationWarning: inspect.getargspec() is deprecated since Python 3.0, use inspect.signature() or inspect.getfullargspec()
  return _inspect.getargspec(target)
/home/keavery/anaconda3/envs/venv/lib/python3.6/site-packages/tensorflow/python/util/tf_inspect.py:75: DeprecationWarning: inspect.getargspec() is deprecated since Python 3.0, use inspect.signature() or inspect.getfullargspec()
  return _inspect.getargspec(target)
/home/keavery/anaconda3/envs/venv/lib/python3.6/site-packages/tensorflow/python/util/tf_inspect.py:75: DeprecationWarning: inspect.getargspec() is deprecated since Python 3.0, use inspect.signature() or inspect.getfullargspec()
  return _inspect.getargspec(target)
/home/keavery/anaconda3/envs/venv/lib/python3.6/site-packages/tensorflow/python/util/tf_inspect.py:75: DeprecationWarning: inspect.getargspec() is deprecated since Python 3.0, use inspect.signature() or inspect.getfullargspec()
  return _inspect.getargspec(target)
/home/keavery/anaconda3/envs/venv/lib/python3.6/site-packages/tensorflow/python/util/tf_inspect.py:75: DeprecationWarning: inspect.getargspec() is deprecated since Python 3.0, use inspect.signature() or inspect.getfullargspec()
  return _inspect.getargspec(target)
/home/keavery/anaconda3/envs/venv/lib/python3.6/site-packages/tensorflow/python/util/tf_inspect.py:75: DeprecationWarning: inspect.getargspec() is deprecated since Python 3.0, use inspect.signature() or inspect.getfullargspec()
  return _inspect.getargspec(target)
/home/keavery/anaconda3/envs/venv/lib/python3.6/site-packages/tensorflow/python/util/tf_inspect.py:75: DeprecationWarning: inspect.getargspec() is deprecated since Python 3.0, use inspect.signature() or inspect.getfullargspec()
  return _inspect.getargspec(target)
/home/keavery/anaconda3/envs/venv/lib/python3.6/site-packages/tensorflow/python/util/tf_inspect.py:75: DeprecationWarning: inspect.getargspec() is deprecated since Python 3.0, use inspect.signature() or inspect.getfullargspec()
  return _inspect.getargspec(target)
/home/keavery/anaconda3/envs/venv/lib/python3.6/site-packages/tensorflow/python/util/tf_inspect.py:75: DeprecationWarning: inspect.getargspec() is deprecated since Python 3.0, use inspect.signature() or inspect.getfullargspec()
  return _inspect.getargspec(target)
/home/keavery/anaconda3/envs/venv/lib/python3.6/site-packages/tensorflow/python/util/tf_inspect.py:75: DeprecationWarning: inspect.getargspec() is deprecated since Python 3.0, use inspect.signature() or inspect.getfullargspec()
  return _inspect.getargspec(target)
/home/keavery/anaconda3/envs/venv/lib/python3.6/site-packages/tensorflow/python/util/tf_inspect.py:75: DeprecationWarning: inspect.getargspec() is deprecated since Python 3.0, use inspect.signature() or inspect.getfullargspec()
  return _inspect.getargspec(target)
/home/keavery/anaconda3/envs/venv/lib/python3.6/site-packages/tensorflow/python/util/tf_inspect.py:75: DeprecationWarning: inspect.getargspec() is deprecated since Python 3.0, use inspect.signature() or inspect.getfullargspec()
  return _inspect.getargspec(target)
/home/keavery/anaconda3/envs/venv/lib/python3.6/site-packages/tensorflow/python/util/tf_inspect.py:75: DeprecationWarning: inspect.getargspec() is deprecated since Python 3.0, use inspect.signature() or inspect.getfullargspec()
  return _inspect.getargspec(target)
/home/keavery/anaconda3/envs/venv/lib/python3.6/site-packages/tensorflow/python/util/tf_inspect.py:75: DeprecationWarning: inspect.getargspec() is deprecated since Python 3.0, use inspect.signature() or inspect.getfullargspec()
  return _inspect.getargspec(target)
/home/keavery/anaconda3/envs/venv/lib/python3.6/site-packages/tensorflow/python/util/tf_inspect.py:75: DeprecationWarning: inspect.getargspec() is deprecated since Python 3.0, use inspect.signature() or inspect.getfullargspec()
  return _inspect.getargspec(target)
/home/keavery/anaconda3/envs/venv/lib/python3.6/site-packages/tensorflow/python/util/tf_inspect.py:75: DeprecationWarning: inspect.getargspec() is deprecated since Python 3.0, use inspect.signature() or inspect.getfullargspec()
  return _inspect.getargspec(target)
/home/keavery/anaconda3/envs/venv/lib/python3.6/site-packages/tensorflow/python/util/tf_inspect.py:75: DeprecationWarning: inspect.getargspec() is deprecated since Python 3.0, use inspect.signature() or inspect.getfullargspec()
  return _inspect.getargspec(target)
/home/keavery/anaconda3/envs/venv/lib/python3.6/site-packages/tensorflow/python/util/tf_inspect.py:75: DeprecationWarning: inspect.getargspec() is deprecated since Python 3.0, use inspect.signature() or inspect.getfullargspec()
  return _inspect.getargspec(target)
/home/keavery/anaconda3/envs/venv/lib/python3.6/site-packages/tensorflow/python/util/tf_inspect.py:75: DeprecationWarning: inspect.getargspec() is deprecated since Python 3.0, use inspect.signature() or inspect.getfullargspec()
  return _inspect.getargspec(target)
/home/keavery/anaconda3/envs/venv/lib/python3.6/site-packages/tensorflow/python/util/tf_inspect.py:75: DeprecationWarning: inspect.getargspec() is deprecated since Python 3.0, use inspect.signature() or inspect.getfullargspec()
  return _inspect.getargspec(target)
/home/keavery/anaconda3/envs/venv/lib/python3.6/site-packages/tensorflow/python/util/tf_inspect.py:75: DeprecationWarning: inspect.getargspec() is deprecated since Python 3.0, use inspect.signature() or inspect.getfullargspec()
  return _inspect.getargspec(target)
/home/keavery/anaconda3/envs/venv/lib/python3.6/site-packages/tensorflow/python/util/tf_inspect.py:75: DeprecationWarning: inspect.getargspec() is deprecated since Python 3.0, use inspect.signature() or inspect.getfullargspec()
  return _inspect.getargspec(target)
/home/keavery/anaconda3/envs/venv/lib/python3.6/site-packages/tensorflow/python/util/tf_inspect.py:75: DeprecationWarning: inspect.getargspec() is deprecated since Python 3.0, use inspect.signature() or inspect.getfullargspec()
  return _inspect.getargspec(target)
/home/keavery/anaconda3/envs/venv/lib/python3.6/site-packages/tensorflow/python/util/tf_inspect.py:75: DeprecationWarning: inspect.getargspec() is deprecated since Python 3.0, use inspect.signature() or inspect.getfullargspec()
  return _inspect.getargspec(target)
/home/keavery/anaconda3/envs/venv/lib/python3.6/site-packages/tensorflow/python/util/tf_inspect.py:75: DeprecationWarning: inspect.getargspec() is deprecated since Python 3.0, use inspect.signature() or inspect.getfullargspec()
  return _inspect.getargspec(target)
/home/keavery/anaconda3/envs/venv/lib/python3.6/site-packages/tensorflow/python/util/tf_inspect.py:75: DeprecationWarning: inspect.getargspec() is deprecated since Python 3.0, use inspect.signature() or inspect.getfullargspec()
  return _inspect.getargspec(target)
/home/keavery/anaconda3/envs/venv/lib/python3.6/site-packages/tensorflow/python/util/tf_inspect.py:75: DeprecationWarning: inspect.getargspec() is deprecated since Python 3.0, use inspect.signature() or inspect.getfullargspec()
  return _inspect.getargspec(target)
/home/keavery/anaconda3/envs/venv/lib/python3.6/site-packages/tensorflow/python/util/tf_inspect.py:75: DeprecationWarning: inspect.getargspec() is deprecated since Python 3.0, use inspect.signature() or inspect.getfullargspec()
  return _inspect.getargspec(target)
/home/keavery/anaconda3/envs/venv/lib/python3.6/site-packages/tensorflow/python/util/tf_inspect.py:75: DeprecationWarning: inspect.getargspec() is deprecated since Python 3.0, use inspect.signature() or inspect.getfullargspec()
  return _inspect.getargspec(target)
/home/keavery/anaconda3/envs/venv/lib/python3.6/site-packages/tensorflow/python/util/tf_inspect.py:75: DeprecationWarning: inspect.getargspec() is deprecated since Python 3.0, use inspect.signature() or inspect.getfullargspec()
  return _inspect.getargspec(target)
/home/keavery/anaconda3/envs/venv/lib/python3.6/site-packages/tensorflow/python/util/tf_inspect.py:75: DeprecationWarning: inspect.getargspec() is deprecated since Python 3.0, use inspect.signature() or inspect.getfullargspec()
  return _inspect.getargspec(target)
/home/keavery/anaconda3/envs/venv/lib/python3.6/site-packages/tensorflow/python/util/tf_inspect.py:75: DeprecationWarning: inspect.getargspec() is deprecated since Python 3.0, use inspect.signature() or inspect.getfullargspec()
  return _inspect.getargspec(target)
/home/keavery/anaconda3/envs/venv/lib/python3.6/site-packages/tensorflow/python/util/tf_inspect.py:75: DeprecationWarning: inspect.getargspec() is deprecated since Python 3.0, use inspect.signature() or inspect.getfullargspec()
  return _inspect.getargspec(target)
/home/keavery/anaconda3/envs/venv/lib/python3.6/site-packages/tensorflow/python/util/tf_inspect.py:75: DeprecationWarning: inspect.getargspec() is deprecated since Python 3.0, use inspect.signature() or inspect.getfullargspec()
  return _inspect.getargspec(target)
/home/keavery/anaconda3/envs/venv/lib/python3.6/site-packages/tensorflow/python/util/tf_inspect.py:75: DeprecationWarning: inspect.getargspec() is deprecated since Python 3.0, use inspect.signature() or inspect.getfullargspec()
  return _inspect.getargspec(target)
/home/keavery/anaconda3/envs/venv/lib/python3.6/site-packages/tensorflow/python/util/tf_inspect.py:75: DeprecationWarning: inspect.getargspec() is deprecated since Python 3.0, use inspect.signature() or inspect.getfullargspec()
  return _inspect.getargspec(target)
/home/keavery/anaconda3/envs/venv/lib/python3.6/site-packages/tensorflow/python/util/tf_inspect.py:75: DeprecationWarning: inspect.getargspec() is deprecated since Python 3.0, use inspect.signature() or inspect.getfullargspec()
  return _inspect.getargspec(target)
/home/keavery/anaconda3/envs/venv/lib/python3.6/site-packages/tensorflow/python/util/tf_inspect.py:75: DeprecationWarning: inspect.getargspec() is deprecated since Python 3.0, use inspect.signature() or inspect.getfullargspec()
  return _inspect.getargspec(target)
/home/keavery/anaconda3/envs/venv/lib/python3.6/site-packages/tensorflow/python/util/tf_inspect.py:75: DeprecationWarning: inspect.getargspec() is deprecated since Python 3.0, use inspect.signature() or inspect.getfullargspec()
  return _inspect.getargspec(target)
/home/keavery/anaconda3/envs/venv/lib/python3.6/site-packages/tensorflow/python/util/tf_inspect.py:75: DeprecationWarning: inspect.getargspec() is deprecated since Python 3.0, use inspect.signature() or inspect.getfullargspec()
  return _inspect.getargspec(target)
/home/keavery/anaconda3/envs/venv/lib/python3.6/site-packages/tensorflow/python/util/tf_inspect.py:75: DeprecationWarning: inspect.getargspec() is deprecated since Python 3.0, use inspect.signature() or inspect.getfullargspec()
  return _inspect.getargspec(target)
/home/keavery/anaconda3/envs/venv/lib/python3.6/site-packages/tensorflow/python/util/tf_inspect.py:75: DeprecationWarning: inspect.getargspec() is deprecated since Python 3.0, use inspect.signature() or inspect.getfullargspec()
  return _inspect.getargspec(target)
/home/keavery/anaconda3/envs/venv/lib/python3.6/site-packages/tensorflow/python/util/tf_inspect.py:75: DeprecationWarning: inspect.getargspec() is deprecated since Python 3.0, use inspect.signature() or inspect.getfullargspec()
  return _inspect.getargspec(target)
/home/keavery/anaconda3/envs/venv/lib/python3.6/site-packages/tensorflow/python/util/tf_inspect.py:75: DeprecationWarning: inspect.getargspec() is deprecated since Python 3.0, use inspect.signature() or inspect.getfullargspec()
  return _inspect.getargspec(target)
/home/keavery/anaconda3/envs/venv/lib/python3.6/site-packages/tensorflow/python/util/tf_inspect.py:75: DeprecationWarning: inspect.getargspec() is deprecated since Python 3.0, use inspect.signature() or inspect.getfullargspec()
  return _inspect.getargspec(target)
/home/keavery/anaconda3/envs/venv/lib/python3.6/site-packages/tensorflow/python/util/tf_inspect.py:75: DeprecationWarning: inspect.getargspec() is deprecated since Python 3.0, use inspect.signature() or inspect.getfullargspec()
  return _inspect.getargspec(target)
/home/keavery/anaconda3/envs/venv/lib/python3.6/site-packages/tensorflow/python/util/tf_inspect.py:75: DeprecationWarning: inspect.getargspec() is deprecated since Python 3.0, use inspect.signature() or inspect.getfullargspec()
  return _inspect.getargspec(target)
/home/keavery/anaconda3/envs/venv/lib/python3.6/site-packages/tensorflow/python/util/tf_inspect.py:75: DeprecationWarning: inspect.getargspec() is deprecated since Python 3.0, use inspect.signature() or inspect.getfullargspec()
  return _inspect.getargspec(target)
/home/keavery/anaconda3/envs/venv/lib/python3.6/site-packages/tensorflow/python/util/tf_inspect.py:75: DeprecationWarning: inspect.getargspec() is deprecated since Python 3.0, use inspect.signature() or inspect.getfullargspec()
  return _inspect.getargspec(target)
/home/keavery/anaconda3/envs/venv/lib/python3.6/site-packages/tensorflow/python/util/tf_inspect.py:75: DeprecationWarning: inspect.getargspec() is deprecated since Python 3.0, use inspect.signature() or inspect.getfullargspec()
  return _inspect.getargspec(target)
/home/keavery/anaconda3/envs/venv/lib/python3.6/site-packages/tensorflow/python/util/tf_inspect.py:75: DeprecationWarning: inspect.getargspec() is deprecated since Python 3.0, use inspect.signature() or inspect.getfullargspec()
  return _inspect.getargspec(target)
/home/keavery/anaconda3/envs/venv/lib/python3.6/site-packages/tensorflow/python/util/tf_inspect.py:75: DeprecationWarning: inspect.getargspec() is deprecated since Python 3.0, use inspect.signature() or inspect.getfullargspec()
  return _inspect.getargspec(target)
/home/keavery/anaconda3/envs/venv/lib/python3.6/site-packages/tensorflow/python/util/tf_inspect.py:75: DeprecationWarning: inspect.getargspec() is deprecated since Python 3.0, use inspect.signature() or inspect.getfullargspec()
  return _inspect.getargspec(target)
/home/keavery/anaconda3/envs/venv/lib/python3.6/site-packages/tensorflow/python/util/tf_inspect.py:75: DeprecationWarning: inspect.getargspec() is deprecated since Python 3.0, use inspect.signature() or inspect.getfullargspec()
  return _inspect.getargspec(target)
/home/keavery/anaconda3/envs/venv/lib/python3.6/site-packages/tensorflow/python/util/tf_inspect.py:75: DeprecationWarning: inspect.getargspec() is deprecated since Python 3.0, use inspect.signature() or inspect.getfullargspec()
  return _inspect.getargspec(target)
/home/keavery/anaconda3/envs/venv/lib/python3.6/site-packages/tensorflow/python/util/tf_inspect.py:75: DeprecationWarning: inspect.getargspec() is deprecated since Python 3.0, use inspect.signature() or inspect.getfullargspec()
  return _inspect.getargspec(target)
/home/keavery/anaconda3/envs/venv/lib/python3.6/site-packages/tensorflow/python/util/tf_inspect.py:75: DeprecationWarning: inspect.getargspec() is deprecated since Python 3.0, use inspect.signature() or inspect.getfullargspec()
  return _inspect.getargspec(target)
/home/keavery/anaconda3/envs/venv/lib/python3.6/site-packages/tensorflow/python/util/tf_inspect.py:75: DeprecationWarning: inspect.getargspec() is deprecated since Python 3.0, use inspect.signature() or inspect.getfullargspec()
  return _inspect.getargspec(target)
/home/keavery/anaconda3/envs/venv/lib/python3.6/site-packages/tensorflow/python/util/tf_inspect.py:75: DeprecationWarning: inspect.getargspec() is deprecated since Python 3.0, use inspect.signature() or inspect.getfullargspec()
  return _inspect.getargspec(target)
/home/keavery/anaconda3/envs/venv/lib/python3.6/site-packages/tensorflow/python/util/tf_inspect.py:75: DeprecationWarning: inspect.getargspec() is deprecated since Python 3.0, use inspect.signature() or inspect.getfullargspec()
  return _inspect.getargspec(target)
/home/keavery/anaconda3/envs/venv/lib/python3.6/site-packages/tensorflow/python/util/tf_inspect.py:75: DeprecationWarning: inspect.getargspec() is deprecated since Python 3.0, use inspect.signature() or inspect.getfullargspec()
  return _inspect.getargspec(target)
/home/keavery/anaconda3/envs/venv/lib/python3.6/site-packages/tensorflow/python/util/tf_inspect.py:75: DeprecationWarning: inspect.getargspec() is deprecated since Python 3.0, use inspect.signature() or inspect.getfullargspec()
  return _inspect.getargspec(target)
/home/keavery/anaconda3/envs/venv/lib/python3.6/site-packages/tensorflow/python/util/tf_inspect.py:75: DeprecationWarning: inspect.getargspec() is deprecated since Python 3.0, use inspect.signature() or inspect.getfullargspec()
  return _inspect.getargspec(target)
/home/keavery/anaconda3/envs/venv/lib/python3.6/site-packages/tensorflow/python/util/tf_inspect.py:75: DeprecationWarning: inspect.getargspec() is deprecated since Python 3.0, use inspect.signature() or inspect.getfullargspec()
  return _inspect.getargspec(target)
/home/keavery/anaconda3/envs/venv/lib/python3.6/site-packages/tensorflow/python/util/tf_inspect.py:75: DeprecationWarning: inspect.getargspec() is deprecated since Python 3.0, use inspect.signature() or inspect.getfullargspec()
  return _inspect.getargspec(target)
Traceback (most recent call last):
  File "/condo/swatwork/keavery/masters_thesis/gitRepos/BirdRoostLocation/BirdRoostLocation/BuildModels/ShallowCNN/train.py", line 295, in <module>
    main(results)
  File "/condo/swatwork/keavery/masters_thesis/gitRepos/BirdRoostLocation/BirdRoostLocation/BuildModels/ShallowCNN/train.py", line 177, in main
    num_temporal_data=results.num_temporal_data)
  File "/condo/swatwork/keavery/masters_thesis/gitRepos/BirdRoostLocation/BirdRoostLocation/BuildModels/ShallowCNN/train.py", line 120, in train
    model.save_weights(log_path + save_file.format(''))
  File "/home/keavery/anaconda3/envs/venv/lib/python3.6/site-packages/keras/engine/network.py", line 1120, in save_weights
    with h5py.File(filepath, 'w') as f:
  File "/home/keavery/anaconda3/envs/venv/lib/python3.6/site-packages/h5py/_hl/files.py", line 312, in __init__
    fid = make_fid(name, mode, userblock_size, fapl, swmr=swmr)
  File "/home/keavery/anaconda3/envs/venv/lib/python3.6/site-packages/h5py/_hl/files.py", line 148, in make_fid
    fid = h5f.create(name, h5f.ACC_TRUNC, fapl=fapl, fcpl=fcpl)
  File "h5py/_objects.pyx", line 54, in h5py._objects.with_phil.wrapper
  File "h5py/_objects.pyx", line 55, in h5py._objects.with_phil.wrapper
  File "h5py/h5f.pyx", line 98, in h5py.h5f.create
OSError: Unable to create file (unable to lock file, errno = 11, error message = 'Resource temporarily unavailable')
