2019-05-05 13:20:51.844485: I tensorflow/core/platform/cpu_feature_guard.cc:141] Your CPU supports instructions that this TensorFlow binary was not compiled to use: SSE4.1 SSE4.2 AVX AVX2 FMA
2019-05-05 13:20:51.852079: I tensorflow/core/common_runtime/process_util.cc:69] Creating new thread pool with default inter op setting: 2. Tune using inter_op_parallelism_threads for best performance.
Using TensorFlow backend.
/home/keavery/anaconda3/envs/venv/lib/python3.6/site-packages/numpy/lib/type_check.py:546: DeprecationWarning: np.asscalar(a) is deprecated since NumPy v1.16, use a.item() instead
  'a.item() instead', DeprecationWarning, stacklevel=1)
/home/keavery/anaconda3/envs/venv/lib/python3.6/site-packages/tensorflow/python/util/tf_inspect.py:75: DeprecationWarning: inspect.getargspec() is deprecated since Python 3.0, use inspect.signature() or inspect.getfullargspec()
  return _inspect.getargspec(target)
/home/keavery/anaconda3/envs/venv/lib/python3.6/site-packages/tensorflow/python/util/tf_inspect.py:75: DeprecationWarning: inspect.getargspec() is deprecated since Python 3.0, use inspect.signature() or inspect.getfullargspec()
  return _inspect.getargspec(target)
/home/keavery/anaconda3/envs/venv/lib/python3.6/site-packages/tensorflow/python/util/tf_inspect.py:75: DeprecationWarning: inspect.getargspec() is deprecated since Python 3.0, use inspect.signature() or inspect.getfullargspec()
  return _inspect.getargspec(target)
/home/keavery/anaconda3/envs/venv/lib/python3.6/site-packages/tensorflow/python/util/tf_inspect.py:75: DeprecationWarning: inspect.getargspec() is deprecated since Python 3.0, use inspect.signature() or inspect.getfullargspec()
  return _inspect.getargspec(target)
/home/keavery/anaconda3/envs/venv/lib/python3.6/site-packages/tensorflow/python/util/tf_inspect.py:75: DeprecationWarning: inspect.getargspec() is deprecated since Python 3.0, use inspect.signature() or inspect.getfullargspec()
  return _inspect.getargspec(target)
/home/keavery/anaconda3/envs/venv/lib/python3.6/site-packages/tensorflow/python/util/tf_inspect.py:75: DeprecationWarning: inspect.getargspec() is deprecated since Python 3.0, use inspect.signature() or inspect.getfullargspec()
  return _inspect.getargspec(target)
/home/keavery/anaconda3/envs/venv/lib/python3.6/site-packages/tensorflow/python/util/tf_inspect.py:75: DeprecationWarning: inspect.getargspec() is deprecated since Python 3.0, use inspect.signature() or inspect.getfullargspec()
  return _inspect.getargspec(target)
/home/keavery/anaconda3/envs/venv/lib/python3.6/site-packages/tensorflow/python/util/tf_inspect.py:75: DeprecationWarning: inspect.getargspec() is deprecated since Python 3.0, use inspect.signature() or inspect.getfullargspec()
  return _inspect.getargspec(target)
/home/keavery/anaconda3/envs/venv/lib/python3.6/site-packages/tensorflow/python/util/tf_inspect.py:75: DeprecationWarning: inspect.getargspec() is deprecated since Python 3.0, use inspect.signature() or inspect.getfullargspec()
  return _inspect.getargspec(target)
/home/keavery/anaconda3/envs/venv/lib/python3.6/site-packages/tensorflow/python/util/tf_inspect.py:75: DeprecationWarning: inspect.getargspec() is deprecated since Python 3.0, use inspect.signature() or inspect.getfullargspec()
  return _inspect.getargspec(target)
/home/keavery/anaconda3/envs/venv/lib/python3.6/site-packages/tensorflow/python/util/tf_inspect.py:75: DeprecationWarning: inspect.getargspec() is deprecated since Python 3.0, use inspect.signature() or inspect.getfullargspec()
  return _inspect.getargspec(target)
/home/keavery/anaconda3/envs/venv/lib/python3.6/site-packages/tensorflow/python/util/tf_inspect.py:75: DeprecationWarning: inspect.getargspec() is deprecated since Python 3.0, use inspect.signature() or inspect.getfullargspec()
  return _inspect.getargspec(target)
/home/keavery/anaconda3/envs/venv/lib/python3.6/site-packages/tensorflow/python/util/tf_inspect.py:75: DeprecationWarning: inspect.getargspec() is deprecated since Python 3.0, use inspect.signature() or inspect.getfullargspec()
  return _inspect.getargspec(target)
/home/keavery/anaconda3/envs/venv/lib/python3.6/site-packages/tensorflow/python/util/tf_inspect.py:75: DeprecationWarning: inspect.getargspec() is deprecated since Python 3.0, use inspect.signature() or inspect.getfullargspec()
  return _inspect.getargspec(target)
/home/keavery/anaconda3/envs/venv/lib/python3.6/site-packages/tensorflow/python/util/tf_inspect.py:75: DeprecationWarning: inspect.getargspec() is deprecated since Python 3.0, use inspect.signature() or inspect.getfullargspec()
  return _inspect.getargspec(target)
/home/keavery/anaconda3/envs/venv/lib/python3.6/site-packages/tensorflow/python/util/tf_inspect.py:75: DeprecationWarning: inspect.getargspec() is deprecated since Python 3.0, use inspect.signature() or inspect.getfullargspec()
  return _inspect.getargspec(target)
/home/keavery/anaconda3/envs/venv/lib/python3.6/site-packages/tensorflow/python/util/tf_inspect.py:75: DeprecationWarning: inspect.getargspec() is deprecated since Python 3.0, use inspect.signature() or inspect.getfullargspec()
  return _inspect.getargspec(target)
/home/keavery/anaconda3/envs/venv/lib/python3.6/site-packages/tensorflow/python/util/tf_inspect.py:75: DeprecationWarning: inspect.getargspec() is deprecated since Python 3.0, use inspect.signature() or inspect.getfullargspec()
  return _inspect.getargspec(target)
/home/keavery/anaconda3/envs/venv/lib/python3.6/site-packages/tensorflow/python/util/tf_inspect.py:75: DeprecationWarning: inspect.getargspec() is deprecated since Python 3.0, use inspect.signature() or inspect.getfullargspec()
  return _inspect.getargspec(target)
/home/keavery/anaconda3/envs/venv/lib/python3.6/site-packages/tensorflow/python/util/tf_inspect.py:75: DeprecationWarning: inspect.getargspec() is deprecated since Python 3.0, use inspect.signature() or inspect.getfullargspec()
  return _inspect.getargspec(target)
/home/keavery/anaconda3/envs/venv/lib/python3.6/site-packages/tensorflow/python/util/tf_inspect.py:75: DeprecationWarning: inspect.getargspec() is deprecated since Python 3.0, use inspect.signature() or inspect.getfullargspec()
  return _inspect.getargspec(target)
/home/keavery/anaconda3/envs/venv/lib/python3.6/site-packages/tensorflow/python/util/tf_inspect.py:75: DeprecationWarning: inspect.getargspec() is deprecated since Python 3.0, use inspect.signature() or inspect.getfullargspec()
  return _inspect.getargspec(target)
/home/keavery/anaconda3/envs/venv/lib/python3.6/site-packages/tensorflow/python/util/tf_inspect.py:75: DeprecationWarning: inspect.getargspec() is deprecated since Python 3.0, use inspect.signature() or inspect.getfullargspec()
  return _inspect.getargspec(target)
/home/keavery/anaconda3/envs/venv/lib/python3.6/site-packages/tensorflow/python/util/tf_inspect.py:75: DeprecationWarning: inspect.getargspec() is deprecated since Python 3.0, use inspect.signature() or inspect.getfullargspec()
  return _inspect.getargspec(target)
/home/keavery/anaconda3/envs/venv/lib/python3.6/site-packages/tensorflow/python/util/tf_inspect.py:75: DeprecationWarning: inspect.getargspec() is deprecated since Python 3.0, use inspect.signature() or inspect.getfullargspec()
  return _inspect.getargspec(target)
/home/keavery/anaconda3/envs/venv/lib/python3.6/site-packages/tensorflow/python/util/tf_inspect.py:75: DeprecationWarning: inspect.getargspec() is deprecated since Python 3.0, use inspect.signature() or inspect.getfullargspec()
  return _inspect.getargspec(target)
/home/keavery/anaconda3/envs/venv/lib/python3.6/site-packages/tensorflow/python/util/tf_inspect.py:75: DeprecationWarning: inspect.getargspec() is deprecated since Python 3.0, use inspect.signature() or inspect.getfullargspec()
  return _inspect.getargspec(target)
/home/keavery/anaconda3/envs/venv/lib/python3.6/site-packages/tensorflow/python/util/tf_inspect.py:75: DeprecationWarning: inspect.getargspec() is deprecated since Python 3.0, use inspect.signature() or inspect.getfullargspec()
  return _inspect.getargspec(target)
/home/keavery/anaconda3/envs/venv/lib/python3.6/site-packages/tensorflow/python/util/tf_inspect.py:75: DeprecationWarning: inspect.getargspec() is deprecated since Python 3.0, use inspect.signature() or inspect.getfullargspec()
  return _inspect.getargspec(target)
/home/keavery/anaconda3/envs/venv/lib/python3.6/site-packages/tensorflow/python/util/tf_inspect.py:75: DeprecationWarning: inspect.getargspec() is deprecated since Python 3.0, use inspect.signature() or inspect.getfullargspec()
  return _inspect.getargspec(target)
/home/keavery/anaconda3/envs/venv/lib/python3.6/site-packages/tensorflow/python/util/tf_inspect.py:75: DeprecationWarning: inspect.getargspec() is deprecated since Python 3.0, use inspect.signature() or inspect.getfullargspec()
  return _inspect.getargspec(target)
/home/keavery/anaconda3/envs/venv/lib/python3.6/site-packages/tensorflow/python/util/tf_inspect.py:75: DeprecationWarning: inspect.getargspec() is deprecated since Python 3.0, use inspect.signature() or inspect.getfullargspec()
  return _inspect.getargspec(target)
/home/keavery/anaconda3/envs/venv/lib/python3.6/site-packages/tensorflow/python/util/tf_inspect.py:75: DeprecationWarning: inspect.getargspec() is deprecated since Python 3.0, use inspect.signature() or inspect.getfullargspec()
  return _inspect.getargspec(target)
/home/keavery/anaconda3/envs/venv/lib/python3.6/site-packages/tensorflow/python/util/tf_inspect.py:75: DeprecationWarning: inspect.getargspec() is deprecated since Python 3.0, use inspect.signature() or inspect.getfullargspec()
  return _inspect.getargspec(target)
/home/keavery/anaconda3/envs/venv/lib/python3.6/site-packages/tensorflow/python/util/tf_inspect.py:75: DeprecationWarning: inspect.getargspec() is deprecated since Python 3.0, use inspect.signature() or inspect.getfullargspec()
  return _inspect.getargspec(target)
/home/keavery/anaconda3/envs/venv/lib/python3.6/site-packages/tensorflow/python/util/tf_inspect.py:75: DeprecationWarning: inspect.getargspec() is deprecated since Python 3.0, use inspect.signature() or inspect.getfullargspec()
  return _inspect.getargspec(target)
/home/keavery/anaconda3/envs/venv/lib/python3.6/site-packages/tensorflow/python/util/tf_inspect.py:75: DeprecationWarning: inspect.getargspec() is deprecated since Python 3.0, use inspect.signature() or inspect.getfullargspec()
  return _inspect.getargspec(target)
/home/keavery/anaconda3/envs/venv/lib/python3.6/site-packages/tensorflow/python/util/tf_inspect.py:75: DeprecationWarning: inspect.getargspec() is deprecated since Python 3.0, use inspect.signature() or inspect.getfullargspec()
  return _inspect.getargspec(target)
/home/keavery/anaconda3/envs/venv/lib/python3.6/site-packages/tensorflow/python/util/tf_inspect.py:75: DeprecationWarning: inspect.getargspec() is deprecated since Python 3.0, use inspect.signature() or inspect.getfullargspec()
  return _inspect.getargspec(target)
/home/keavery/anaconda3/envs/venv/lib/python3.6/site-packages/tensorflow/python/util/tf_inspect.py:75: DeprecationWarning: inspect.getargspec() is deprecated since Python 3.0, use inspect.signature() or inspect.getfullargspec()
  return _inspect.getargspec(target)
/home/keavery/anaconda3/envs/venv/lib/python3.6/site-packages/tensorflow/python/util/tf_inspect.py:75: DeprecationWarning: inspect.getargspec() is deprecated since Python 3.0, use inspect.signature() or inspect.getfullargspec()
  return _inspect.getargspec(target)
/home/keavery/anaconda3/envs/venv/lib/python3.6/site-packages/tensorflow/python/util/tf_inspect.py:75: DeprecationWarning: inspect.getargspec() is deprecated since Python 3.0, use inspect.signature() or inspect.getfullargspec()
  return _inspect.getargspec(target)
/home/keavery/anaconda3/envs/venv/lib/python3.6/site-packages/tensorflow/python/util/tf_inspect.py:75: DeprecationWarning: inspect.getargspec() is deprecated since Python 3.0, use inspect.signature() or inspect.getfullargspec()
  return _inspect.getargspec(target)
/home/keavery/anaconda3/envs/venv/lib/python3.6/site-packages/tensorflow/python/util/tf_inspect.py:75: DeprecationWarning: inspect.getargspec() is deprecated since Python 3.0, use inspect.signature() or inspect.getfullargspec()
  return _inspect.getargspec(target)
/home/keavery/anaconda3/envs/venv/lib/python3.6/site-packages/tensorflow/python/util/tf_inspect.py:75: DeprecationWarning: inspect.getargspec() is deprecated since Python 3.0, use inspect.signature() or inspect.getfullargspec()
  return _inspect.getargspec(target)
/home/keavery/anaconda3/envs/venv/lib/python3.6/site-packages/tensorflow/python/util/tf_inspect.py:75: DeprecationWarning: inspect.getargspec() is deprecated since Python 3.0, use inspect.signature() or inspect.getfullargspec()
  return _inspect.getargspec(target)
/home/keavery/anaconda3/envs/venv/lib/python3.6/site-packages/tensorflow/python/util/tf_inspect.py:75: DeprecationWarning: inspect.getargspec() is deprecated since Python 3.0, use inspect.signature() or inspect.getfullargspec()
  return _inspect.getargspec(target)
/home/keavery/anaconda3/envs/venv/lib/python3.6/site-packages/tensorflow/python/util/tf_inspect.py:75: DeprecationWarning: inspect.getargspec() is deprecated since Python 3.0, use inspect.signature() or inspect.getfullargspec()
  return _inspect.getargspec(target)
/home/keavery/anaconda3/envs/venv/lib/python3.6/site-packages/tensorflow/python/util/tf_inspect.py:75: DeprecationWarning: inspect.getargspec() is deprecated since Python 3.0, use inspect.signature() or inspect.getfullargspec()
  return _inspect.getargspec(target)
/home/keavery/anaconda3/envs/venv/lib/python3.6/site-packages/tensorflow/python/util/tf_inspect.py:75: DeprecationWarning: inspect.getargspec() is deprecated since Python 3.0, use inspect.signature() or inspect.getfullargspec()
  return _inspect.getargspec(target)
/home/keavery/anaconda3/envs/venv/lib/python3.6/site-packages/tensorflow/python/util/tf_inspect.py:75: DeprecationWarning: inspect.getargspec() is deprecated since Python 3.0, use inspect.signature() or inspect.getfullargspec()
  return _inspect.getargspec(target)
/home/keavery/anaconda3/envs/venv/lib/python3.6/site-packages/tensorflow/python/util/tf_inspect.py:75: DeprecationWarning: inspect.getargspec() is deprecated since Python 3.0, use inspect.signature() or inspect.getfullargspec()
  return _inspect.getargspec(target)
/home/keavery/anaconda3/envs/venv/lib/python3.6/site-packages/tensorflow/python/util/tf_inspect.py:75: DeprecationWarning: inspect.getargspec() is deprecated since Python 3.0, use inspect.signature() or inspect.getfullargspec()
  return _inspect.getargspec(target)
/home/keavery/anaconda3/envs/venv/lib/python3.6/site-packages/tensorflow/python/util/tf_inspect.py:75: DeprecationWarning: inspect.getargspec() is deprecated since Python 3.0, use inspect.signature() or inspect.getfullargspec()
  return _inspect.getargspec(target)
/home/keavery/anaconda3/envs/venv/lib/python3.6/site-packages/tensorflow/python/util/tf_inspect.py:75: DeprecationWarning: inspect.getargspec() is deprecated since Python 3.0, use inspect.signature() or inspect.getfullargspec()
  return _inspect.getargspec(target)
/home/keavery/anaconda3/envs/venv/lib/python3.6/site-packages/tensorflow/python/util/tf_inspect.py:75: DeprecationWarning: inspect.getargspec() is deprecated since Python 3.0, use inspect.signature() or inspect.getfullargspec()
  return _inspect.getargspec(target)
/home/keavery/anaconda3/envs/venv/lib/python3.6/site-packages/tensorflow/python/util/tf_inspect.py:75: DeprecationWarning: inspect.getargspec() is deprecated since Python 3.0, use inspect.signature() or inspect.getfullargspec()
  return _inspect.getargspec(target)
/home/keavery/anaconda3/envs/venv/lib/python3.6/site-packages/tensorflow/python/util/tf_inspect.py:75: DeprecationWarning: inspect.getargspec() is deprecated since Python 3.0, use inspect.signature() or inspect.getfullargspec()
  return _inspect.getargspec(target)
/home/keavery/anaconda3/envs/venv/lib/python3.6/site-packages/tensorflow/python/util/tf_inspect.py:75: DeprecationWarning: inspect.getargspec() is deprecated since Python 3.0, use inspect.signature() or inspect.getfullargspec()
  return _inspect.getargspec(target)
/home/keavery/anaconda3/envs/venv/lib/python3.6/site-packages/tensorflow/python/util/tf_inspect.py:75: DeprecationWarning: inspect.getargspec() is deprecated since Python 3.0, use inspect.signature() or inspect.getfullargspec()
  return _inspect.getargspec(target)
/home/keavery/anaconda3/envs/venv/lib/python3.6/site-packages/tensorflow/python/util/tf_inspect.py:75: DeprecationWarning: inspect.getargspec() is deprecated since Python 3.0, use inspect.signature() or inspect.getfullargspec()
  return _inspect.getargspec(target)
/home/keavery/anaconda3/envs/venv/lib/python3.6/site-packages/tensorflow/python/util/tf_inspect.py:75: DeprecationWarning: inspect.getargspec() is deprecated since Python 3.0, use inspect.signature() or inspect.getfullargspec()
  return _inspect.getargspec(target)
/home/keavery/anaconda3/envs/venv/lib/python3.6/site-packages/tensorflow/python/util/tf_inspect.py:75: DeprecationWarning: inspect.getargspec() is deprecated since Python 3.0, use inspect.signature() or inspect.getfullargspec()
  return _inspect.getargspec(target)
/home/keavery/anaconda3/envs/venv/lib/python3.6/site-packages/tensorflow/python/util/tf_inspect.py:75: DeprecationWarning: inspect.getargspec() is deprecated since Python 3.0, use inspect.signature() or inspect.getfullargspec()
  return _inspect.getargspec(target)
/home/keavery/anaconda3/envs/venv/lib/python3.6/site-packages/tensorflow/python/util/tf_inspect.py:75: DeprecationWarning: inspect.getargspec() is deprecated since Python 3.0, use inspect.signature() or inspect.getfullargspec()
  return _inspect.getargspec(target)
/home/keavery/anaconda3/envs/venv/lib/python3.6/site-packages/tensorflow/python/util/tf_inspect.py:75: DeprecationWarning: inspect.getargspec() is deprecated since Python 3.0, use inspect.signature() or inspect.getfullargspec()
  return _inspect.getargspec(target)
/home/keavery/anaconda3/envs/venv/lib/python3.6/site-packages/tensorflow/python/util/tf_inspect.py:75: DeprecationWarning: inspect.getargspec() is deprecated since Python 3.0, use inspect.signature() or inspect.getfullargspec()
  return _inspect.getargspec(target)
/home/keavery/anaconda3/envs/venv/lib/python3.6/site-packages/tensorflow/python/util/tf_inspect.py:75: DeprecationWarning: inspect.getargspec() is deprecated since Python 3.0, use inspect.signature() or inspect.getfullargspec()
  return _inspect.getargspec(target)
/home/keavery/anaconda3/envs/venv/lib/python3.6/site-packages/tensorflow/python/util/tf_inspect.py:75: DeprecationWarning: inspect.getargspec() is deprecated since Python 3.0, use inspect.signature() or inspect.getfullargspec()
  return _inspect.getargspec(target)
/home/keavery/anaconda3/envs/venv/lib/python3.6/site-packages/tensorflow/python/util/tf_inspect.py:75: DeprecationWarning: inspect.getargspec() is deprecated since Python 3.0, use inspect.signature() or inspect.getfullargspec()
  return _inspect.getargspec(target)
/home/keavery/anaconda3/envs/venv/lib/python3.6/site-packages/tensorflow/python/util/tf_inspect.py:75: DeprecationWarning: inspect.getargspec() is deprecated since Python 3.0, use inspect.signature() or inspect.getfullargspec()
  return _inspect.getargspec(target)
/home/keavery/anaconda3/envs/venv/lib/python3.6/site-packages/tensorflow/python/util/tf_inspect.py:75: DeprecationWarning: inspect.getargspec() is deprecated since Python 3.0, use inspect.signature() or inspect.getfullargspec()
  return _inspect.getargspec(target)
/home/keavery/anaconda3/envs/venv/lib/python3.6/site-packages/tensorflow/python/util/tf_inspect.py:75: DeprecationWarning: inspect.getargspec() is deprecated since Python 3.0, use inspect.signature() or inspect.getfullargspec()
  return _inspect.getargspec(target)
/home/keavery/anaconda3/envs/venv/lib/python3.6/site-packages/tensorflow/python/util/tf_inspect.py:75: DeprecationWarning: inspect.getargspec() is deprecated since Python 3.0, use inspect.signature() or inspect.getfullargspec()
  return _inspect.getargspec(target)
/home/keavery/anaconda3/envs/venv/lib/python3.6/site-packages/tensorflow/python/util/tf_inspect.py:75: DeprecationWarning: inspect.getargspec() is deprecated since Python 3.0, use inspect.signature() or inspect.getfullargspec()
  return _inspect.getargspec(target)
/home/keavery/anaconda3/envs/venv/lib/python3.6/site-packages/tensorflow/python/util/tf_inspect.py:75: DeprecationWarning: inspect.getargspec() is deprecated since Python 3.0, use inspect.signature() or inspect.getfullargspec()
  return _inspect.getargspec(target)
/home/keavery/anaconda3/envs/venv/lib/python3.6/site-packages/tensorflow/python/util/tf_inspect.py:75: DeprecationWarning: inspect.getargspec() is deprecated since Python 3.0, use inspect.signature() or inspect.getfullargspec()
  return _inspect.getargspec(target)
/home/keavery/anaconda3/envs/venv/lib/python3.6/site-packages/tensorflow/python/util/tf_inspect.py:75: DeprecationWarning: inspect.getargspec() is deprecated since Python 3.0, use inspect.signature() or inspect.getfullargspec()
  return _inspect.getargspec(target)
/home/keavery/anaconda3/envs/venv/lib/python3.6/site-packages/tensorflow/python/util/tf_inspect.py:75: DeprecationWarning: inspect.getargspec() is deprecated since Python 3.0, use inspect.signature() or inspect.getfullargspec()
  return _inspect.getargspec(target)
/home/keavery/anaconda3/envs/venv/lib/python3.6/site-packages/tensorflow/python/util/tf_inspect.py:75: DeprecationWarning: inspect.getargspec() is deprecated since Python 3.0, use inspect.signature() or inspect.getfullargspec()
  return _inspect.getargspec(target)
/home/keavery/anaconda3/envs/venv/lib/python3.6/site-packages/tensorflow/python/util/tf_inspect.py:75: DeprecationWarning: inspect.getargspec() is deprecated since Python 3.0, use inspect.signature() or inspect.getfullargspec()
  return _inspect.getargspec(target)
/home/keavery/anaconda3/envs/venv/lib/python3.6/site-packages/tensorflow/python/util/tf_inspect.py:75: DeprecationWarning: inspect.getargspec() is deprecated since Python 3.0, use inspect.signature() or inspect.getfullargspec()
  return _inspect.getargspec(target)
/home/keavery/anaconda3/envs/venv/lib/python3.6/site-packages/tensorflow/python/util/tf_inspect.py:75: DeprecationWarning: inspect.getargspec() is deprecated since Python 3.0, use inspect.signature() or inspect.getfullargspec()
  return _inspect.getargspec(target)
/home/keavery/anaconda3/envs/venv/lib/python3.6/site-packages/tensorflow/python/util/tf_inspect.py:75: DeprecationWarning: inspect.getargspec() is deprecated since Python 3.0, use inspect.signature() or inspect.getfullargspec()
  return _inspect.getargspec(target)
/home/keavery/anaconda3/envs/venv/lib/python3.6/site-packages/tensorflow/python/util/tf_inspect.py:75: DeprecationWarning: inspect.getargspec() is deprecated since Python 3.0, use inspect.signature() or inspect.getfullargspec()
  return _inspect.getargspec(target)
/home/keavery/anaconda3/envs/venv/lib/python3.6/site-packages/tensorflow/python/util/tf_inspect.py:75: DeprecationWarning: inspect.getargspec() is deprecated since Python 3.0, use inspect.signature() or inspect.getfullargspec()
  return _inspect.getargspec(target)
/home/keavery/anaconda3/envs/venv/lib/python3.6/site-packages/tensorflow/python/util/tf_inspect.py:75: DeprecationWarning: inspect.getargspec() is deprecated since Python 3.0, use inspect.signature() or inspect.getfullargspec()
  return _inspect.getargspec(target)
/home/keavery/anaconda3/envs/venv/lib/python3.6/site-packages/tensorflow/python/util/tf_inspect.py:75: DeprecationWarning: inspect.getargspec() is deprecated since Python 3.0, use inspect.signature() or inspect.getfullargspec()
  return _inspect.getargspec(target)
/home/keavery/anaconda3/envs/venv/lib/python3.6/site-packages/tensorflow/python/util/tf_inspect.py:75: DeprecationWarning: inspect.getargspec() is deprecated since Python 3.0, use inspect.signature() or inspect.getfullargspec()
  return _inspect.getargspec(target)
/home/keavery/anaconda3/envs/venv/lib/python3.6/site-packages/tensorflow/python/util/tf_inspect.py:75: DeprecationWarning: inspect.getargspec() is deprecated since Python 3.0, use inspect.signature() or inspect.getfullargspec()
  return _inspect.getargspec(target)
/home/keavery/anaconda3/envs/venv/lib/python3.6/site-packages/tensorflow/python/util/tf_inspect.py:75: DeprecationWarning: inspect.getargspec() is deprecated since Python 3.0, use inspect.signature() or inspect.getfullargspec()
  return _inspect.getargspec(target)
/home/keavery/anaconda3/envs/venv/lib/python3.6/site-packages/tensorflow/python/util/tf_inspect.py:75: DeprecationWarning: inspect.getargspec() is deprecated since Python 3.0, use inspect.signature() or inspect.getfullargspec()
  return _inspect.getargspec(target)
/home/keavery/anaconda3/envs/venv/lib/python3.6/site-packages/tensorflow/python/util/tf_inspect.py:75: DeprecationWarning: inspect.getargspec() is deprecated since Python 3.0, use inspect.signature() or inspect.getfullargspec()
  return _inspect.getargspec(target)
/home/keavery/anaconda3/envs/venv/lib/python3.6/site-packages/tensorflow/python/util/tf_inspect.py:75: DeprecationWarning: inspect.getargspec() is deprecated since Python 3.0, use inspect.signature() or inspect.getfullargspec()
  return _inspect.getargspec(target)
/home/keavery/anaconda3/envs/venv/lib/python3.6/site-packages/tensorflow/python/util/tf_inspect.py:75: DeprecationWarning: inspect.getargspec() is deprecated since Python 3.0, use inspect.signature() or inspect.getfullargspec()
  return _inspect.getargspec(target)
/home/keavery/anaconda3/envs/venv/lib/python3.6/site-packages/tensorflow/python/util/tf_inspect.py:75: DeprecationWarning: inspect.getargspec() is deprecated since Python 3.0, use inspect.signature() or inspect.getfullargspec()
  return _inspect.getargspec(target)
/home/keavery/anaconda3/envs/venv/lib/python3.6/site-packages/tensorflow/python/util/tf_inspect.py:75: DeprecationWarning: inspect.getargspec() is deprecated since Python 3.0, use inspect.signature() or inspect.getfullargspec()
  return _inspect.getargspec(target)
/home/keavery/anaconda3/envs/venv/lib/python3.6/site-packages/tensorflow/python/util/tf_inspect.py:75: DeprecationWarning: inspect.getargspec() is deprecated since Python 3.0, use inspect.signature() or inspect.getfullargspec()
  return _inspect.getargspec(target)
/home/keavery/anaconda3/envs/venv/lib/python3.6/site-packages/tensorflow/python/util/tf_inspect.py:75: DeprecationWarning: inspect.getargspec() is deprecated since Python 3.0, use inspect.signature() or inspect.getfullargspec()
  return _inspect.getargspec(target)
/home/keavery/anaconda3/envs/venv/lib/python3.6/site-packages/tensorflow/python/util/tf_inspect.py:75: DeprecationWarning: inspect.getargspec() is deprecated since Python 3.0, use inspect.signature() or inspect.getfullargspec()
  return _inspect.getargspec(target)
/home/keavery/anaconda3/envs/venv/lib/python3.6/site-packages/tensorflow/python/util/tf_inspect.py:75: DeprecationWarning: inspect.getargspec() is deprecated since Python 3.0, use inspect.signature() or inspect.getfullargspec()
  return _inspect.getargspec(target)
/home/keavery/anaconda3/envs/venv/lib/python3.6/site-packages/tensorflow/python/util/tf_inspect.py:75: DeprecationWarning: inspect.getargspec() is deprecated since Python 3.0, use inspect.signature() or inspect.getfullargspec()
  return _inspect.getargspec(target)
/home/keavery/anaconda3/envs/venv/lib/python3.6/site-packages/tensorflow/python/util/tf_inspect.py:75: DeprecationWarning: inspect.getargspec() is deprecated since Python 3.0, use inspect.signature() or inspect.getfullargspec()
  return _inspect.getargspec(target)
/home/keavery/anaconda3/envs/venv/lib/python3.6/site-packages/tensorflow/python/util/tf_inspect.py:75: DeprecationWarning: inspect.getargspec() is deprecated since Python 3.0, use inspect.signature() or inspect.getfullargspec()
  return _inspect.getargspec(target)
/home/keavery/anaconda3/envs/venv/lib/python3.6/site-packages/tensorflow/python/util/tf_inspect.py:75: DeprecationWarning: inspect.getargspec() is deprecated since Python 3.0, use inspect.signature() or inspect.getfullargspec()
  return _inspect.getargspec(target)
/home/keavery/anaconda3/envs/venv/lib/python3.6/site-packages/tensorflow/python/util/tf_inspect.py:75: DeprecationWarning: inspect.getargspec() is deprecated since Python 3.0, use inspect.signature() or inspect.getfullargspec()
  return _inspect.getargspec(target)
/home/keavery/anaconda3/envs/venv/lib/python3.6/site-packages/tensorflow/python/util/tf_inspect.py:75: DeprecationWarning: inspect.getargspec() is deprecated since Python 3.0, use inspect.signature() or inspect.getfullargspec()
  return _inspect.getargspec(target)
/home/keavery/anaconda3/envs/venv/lib/python3.6/site-packages/tensorflow/python/util/tf_inspect.py:75: DeprecationWarning: inspect.getargspec() is deprecated since Python 3.0, use inspect.signature() or inspect.getfullargspec()
  return _inspect.getargspec(target)
/home/keavery/anaconda3/envs/venv/lib/python3.6/site-packages/tensorflow/python/util/tf_inspect.py:75: DeprecationWarning: inspect.getargspec() is deprecated since Python 3.0, use inspect.signature() or inspect.getfullargspec()
  return _inspect.getargspec(target)
/home/keavery/anaconda3/envs/venv/lib/python3.6/site-packages/tensorflow/python/util/tf_inspect.py:75: DeprecationWarning: inspect.getargspec() is deprecated since Python 3.0, use inspect.signature() or inspect.getfullargspec()
  return _inspect.getargspec(target)
/home/keavery/anaconda3/envs/venv/lib/python3.6/site-packages/tensorflow/python/util/tf_inspect.py:75: DeprecationWarning: inspect.getargspec() is deprecated since Python 3.0, use inspect.signature() or inspect.getfullargspec()
  return _inspect.getargspec(target)
/home/keavery/anaconda3/envs/venv/lib/python3.6/site-packages/tensorflow/python/util/tf_inspect.py:75: DeprecationWarning: inspect.getargspec() is deprecated since Python 3.0, use inspect.signature() or inspect.getfullargspec()
  return _inspect.getargspec(target)
/home/keavery/anaconda3/envs/venv/lib/python3.6/site-packages/tensorflow/python/util/tf_inspect.py:75: DeprecationWarning: inspect.getargspec() is deprecated since Python 3.0, use inspect.signature() or inspect.getfullargspec()
  return _inspect.getargspec(target)
/home/keavery/anaconda3/envs/venv/lib/python3.6/site-packages/tensorflow/python/util/tf_inspect.py:75: DeprecationWarning: inspect.getargspec() is deprecated since Python 3.0, use inspect.signature() or inspect.getfullargspec()
  return _inspect.getargspec(target)
/home/keavery/anaconda3/envs/venv/lib/python3.6/site-packages/tensorflow/python/util/tf_inspect.py:75: DeprecationWarning: inspect.getargspec() is deprecated since Python 3.0, use inspect.signature() or inspect.getfullargspec()
  return _inspect.getargspec(target)
/home/keavery/anaconda3/envs/venv/lib/python3.6/site-packages/tensorflow/python/util/tf_inspect.py:75: DeprecationWarning: inspect.getargspec() is deprecated since Python 3.0, use inspect.signature() or inspect.getfullargspec()
  return _inspect.getargspec(target)
/home/keavery/anaconda3/envs/venv/lib/python3.6/site-packages/tensorflow/python/util/tf_inspect.py:75: DeprecationWarning: inspect.getargspec() is deprecated since Python 3.0, use inspect.signature() or inspect.getfullargspec()
  return _inspect.getargspec(target)
/home/keavery/anaconda3/envs/venv/lib/python3.6/site-packages/tensorflow/python/util/tf_inspect.py:75: DeprecationWarning: inspect.getargspec() is deprecated since Python 3.0, use inspect.signature() or inspect.getfullargspec()
  return _inspect.getargspec(target)
/home/keavery/anaconda3/envs/venv/lib/python3.6/site-packages/tensorflow/python/util/tf_inspect.py:75: DeprecationWarning: inspect.getargspec() is deprecated since Python 3.0, use inspect.signature() or inspect.getfullargspec()
  return _inspect.getargspec(target)
/home/keavery/anaconda3/envs/venv/lib/python3.6/site-packages/tensorflow/python/util/tf_inspect.py:75: DeprecationWarning: inspect.getargspec() is deprecated since Python 3.0, use inspect.signature() or inspect.getfullargspec()
  return _inspect.getargspec(target)
/home/keavery/anaconda3/envs/venv/lib/python3.6/site-packages/tensorflow/python/util/tf_inspect.py:75: DeprecationWarning: inspect.getargspec() is deprecated since Python 3.0, use inspect.signature() or inspect.getfullargspec()
  return _inspect.getargspec(target)
/home/keavery/anaconda3/envs/venv/lib/python3.6/site-packages/tensorflow/python/util/tf_inspect.py:75: DeprecationWarning: inspect.getargspec() is deprecated since Python 3.0, use inspect.signature() or inspect.getfullargspec()
  return _inspect.getargspec(target)
/home/keavery/anaconda3/envs/venv/lib/python3.6/site-packages/tensorflow/python/util/tf_inspect.py:75: DeprecationWarning: inspect.getargspec() is deprecated since Python 3.0, use inspect.signature() or inspect.getfullargspec()
  return _inspect.getargspec(target)
/home/keavery/anaconda3/envs/venv/lib/python3.6/site-packages/tensorflow/python/util/tf_inspect.py:75: DeprecationWarning: inspect.getargspec() is deprecated since Python 3.0, use inspect.signature() or inspect.getfullargspec()
  return _inspect.getargspec(target)
/home/keavery/anaconda3/envs/venv/lib/python3.6/site-packages/tensorflow/python/util/tf_inspect.py:75: DeprecationWarning: inspect.getargspec() is deprecated since Python 3.0, use inspect.signature() or inspect.getfullargspec()
  return _inspect.getargspec(target)
/home/keavery/anaconda3/envs/venv/lib/python3.6/site-packages/tensorflow/python/util/tf_inspect.py:75: DeprecationWarning: inspect.getargspec() is deprecated since Python 3.0, use inspect.signature() or inspect.getfullargspec()
  return _inspect.getargspec(target)
/home/keavery/anaconda3/envs/venv/lib/python3.6/site-packages/tensorflow/python/util/tf_inspect.py:75: DeprecationWarning: inspect.getargspec() is deprecated since Python 3.0, use inspect.signature() or inspect.getfullargspec()
  return _inspect.getargspec(target)
/home/keavery/anaconda3/envs/venv/lib/python3.6/site-packages/tensorflow/python/util/tf_inspect.py:75: DeprecationWarning: inspect.getargspec() is deprecated since Python 3.0, use inspect.signature() or inspect.getfullargspec()
  return _inspect.getargspec(target)
/home/keavery/anaconda3/envs/venv/lib/python3.6/site-packages/tensorflow/python/util/tf_inspect.py:75: DeprecationWarning: inspect.getargspec() is deprecated since Python 3.0, use inspect.signature() or inspect.getfullargspec()
  return _inspect.getargspec(target)
/home/keavery/anaconda3/envs/venv/lib/python3.6/site-packages/tensorflow/python/util/tf_inspect.py:75: DeprecationWarning: inspect.getargspec() is deprecated since Python 3.0, use inspect.signature() or inspect.getfullargspec()
  return _inspect.getargspec(target)
/home/keavery/anaconda3/envs/venv/lib/python3.6/site-packages/tensorflow/python/util/tf_inspect.py:75: DeprecationWarning: inspect.getargspec() is deprecated since Python 3.0, use inspect.signature() or inspect.getfullargspec()
  return _inspect.getargspec(target)
/home/keavery/anaconda3/envs/venv/lib/python3.6/site-packages/tensorflow/python/util/tf_inspect.py:75: DeprecationWarning: inspect.getargspec() is deprecated since Python 3.0, use inspect.signature() or inspect.getfullargspec()
  return _inspect.getargspec(target)
