0
schooner

## You are using the Python ARM Radar Toolkit (Py-ART), an open source
## library for working with weather radar data. Py-ART is partly
## supported by the U.S. Department of Energy as part of the Atmospheric
## Radiation Measurement (ARM) Climate Research Facility, an Office of
## Science user facility.
##
## If you use this software to prepare a publication, please cite:
##
##     JJ Helmus and SM Collis, JORS 2016, doi: 10.5334/jors.119

Log path: 
model/Velocity/
MODEL NAME
ML_Model.Shallow_CNN
Ks: 
3
4
Input dimensions:
(240, 240, 3)
_________________________________________________________________
Layer (type)                 Output Shape              Param #   
=================================================================
conv2d_1 (Conv2D)            (None, 236, 236, 8)       608       
_________________________________________________________________
batch_normalization_1 (Batch (None, 236, 236, 8)       32        
_________________________________________________________________
activation_1 (Activation)    (None, 236, 236, 8)       0         
_________________________________________________________________
max_pooling2d_1 (MaxPooling2 (None, 118, 118, 8)       0         
_________________________________________________________________
conv2d_2 (Conv2D)            (None, 114, 114, 8)       1608      
_________________________________________________________________
batch_normalization_2 (Batch (None, 114, 114, 8)       32        
_________________________________________________________________
activation_2 (Activation)    (None, 114, 114, 8)       0         
_________________________________________________________________
max_pooling2d_2 (MaxPooling2 (None, 57, 57, 8)         0         
_________________________________________________________________
conv2d_3 (Conv2D)            (None, 53, 53, 16)        3216      
_________________________________________________________________
batch_normalization_3 (Batch (None, 53, 53, 16)        64        
_________________________________________________________________
activation_3 (Activation)    (None, 53, 53, 16)        0         
_________________________________________________________________
max_pooling2d_3 (MaxPooling2 (None, 26, 26, 16)        0         
_________________________________________________________________
conv2d_4 (Conv2D)            (None, 22, 22, 32)        12832     
_________________________________________________________________
batch_normalization_4 (Batch (None, 22, 22, 32)        128       
_________________________________________________________________
activation_4 (Activation)    (None, 22, 22, 32)        0         
_________________________________________________________________
max_pooling2d_4 (MaxPooling2 (None, 11, 11, 32)        0         
_________________________________________________________________
conv2d_5 (Conv2D)            (None, 7, 7, 64)          51264     
_________________________________________________________________
batch_normalization_5 (Batch (None, 7, 7, 64)          256       
_________________________________________________________________
activation_5 (Activation)    (None, 7, 7, 64)          0         
_________________________________________________________________
max_pooling2d_5 (MaxPooling2 (None, 3, 3, 64)          0         
_________________________________________________________________
flatten_1 (Flatten)          (None, 576)               0         
_________________________________________________________________
dense_1 (Dense)              (None, 500)               288500    
_________________________________________________________________
batch_normalization_6 (Batch (None, 500)               2000      
_________________________________________________________________
activation_6 (Activation)    (None, 500)               0         
_________________________________________________________________
dense_2 (Dense)              (None, 2)                 1002      
=================================================================
Total params: 361,542
Trainable params: 360,286
Non-trainable params: 1,256
_________________________________________________________________
Get batch: 
3
3
4469
1711
1521
4399
1541
1520
Filename: 
KDTX20150828_110532_V06
Label: 
Image: 
Image size: 
(7, 240, 240, 3)
Train data shape: 
(7, 240, 240, 3)
Train data: 
Filename: 
KCLE20130816_105019_V06
Label: 
Image: 
Image size: 
(7, 240, 240, 3)
Train data shape: 
(14, 240, 240, 3)
Train data: 
Filename: 
KDTX20150815_104653_V06
Label: 
Image: 
Image size: 
(7, 240, 240, 3)
Train data shape: 
(21, 240, 240, 3)
Train data: 
Filename: 
KMHX20110714_100220_V06
Label: 
Image: 
Image size: 
(7, 240, 240, 3)
Train data shape: 
(28, 240, 240, 3)
Train data: 
Filename: 
KILN20130810_115702_V06
Label: 
Image: 
Filename: 
KLCH20131010_115447_V06
Label: 
Image: 
Filename: 
KTLH20131010_113623_V06
Label: 
Image: 
Filename: 
KVWX20130719_115406_V06
Label: 
Image: 
(4, 7, 2)
28
X AND Y: 
(28, 240, 240, 3)
(28, 2)
Training Epoch: 0 Loss: 0.5825935006141663 Accuracy 0.5714285969734192
Get batch: 
3
3
4469
1711
1521
4399
1541
1520
Filename: 
KMOB20130627_103549_V06
Label: 
Image: 
Image size: 
(7, 240, 240, 3)
Train data shape: 
(7, 240, 240, 3)
Train data: 
Filename: 
KHGX20140726_114535_V06
Label: 
Image: 
Image size: 
(7, 240, 240, 3)
Train data shape: 
(14, 240, 240, 3)
Train data: 
Filename: 
KFWS20160811_112604_V06
Label: 
Image: 
Image size: 
(7, 240, 240, 3)
Train data shape: 
(21, 240, 240, 3)
Train data: 
Filename: 
KLIX20130622_113222_V06
Label: 
Image: 
Image size: 
(7, 240, 240, 3)
Train data shape: 
(28, 240, 240, 3)
Train data: 
Filename: 
KOHX20150730_090244_V06
Label: 
Image: 
Filename: 
KHTX20160625_115657_V06
Label: 
Image: 
Filename: 
KMPX20150730_090037_V06
Label: 
Image: 
Filename: 
KLCH20140726_115620_V06
Label: 
Image: 
Image size: 
(7, 240, 240, 3)
Train data shape: 
(35, 240, 240, 3)
Train data: 
(5, 7, 2)
Validation Epoch: 0 Loss: 0.8396480083465576 Accuracy 0.5142857432365417
'NoneType' object is not iterable
Get batch: 
3
3
4469
1711
1521
4399
1541
1520
Filename: 
KVWX20170822_110410_V06
Label: 
Image: 
Image size: 
(7, 240, 240, 3)
Train data shape: 
(7, 240, 240, 3)
Train data: 
Filename: 
KGWX20160704_110201_V06
Label: 
Image: 
Image size: 
(7, 240, 240, 3)
Train data shape: 
(14, 240, 240, 3)
Train data: 
Filename: 
KRLX20150815_105252_V06
Label: 
Image: 
Image size: 
(7, 240, 240, 3)
Train data shape: 
(21, 240, 240, 3)
Train data: 
Filename: 
KIND20150810_105322_V06
Label: 
Image: 
Image size: 
(7, 240, 240, 3)
Train data shape: 
(28, 240, 240, 3)
Train data: 
Filename: 
KBMX20120520_111336_V06
Label: 
Image: 
Image size: 
(15, 240, 240, 3)
Train data shape: 
(43, 240, 240, 3)
Train data: 
Filename: 
KHGX20130917_115709_V06
Label: 
Image: 
Image size: 
(7, 240, 240, 3)
Train data shape: 
(50, 240, 240, 3)
Train data: 
Filename: 
KBRO20140910_101453_V06
Label: 
Image: 
Filename: 
KEAX20150812_092334_V06
Label: 
Image: 
(6,)
